TN:
SF:yolo-pro/src/audit-logger.js
FN:4,(anonymous_0)
FN:20,(anonymous_1)
FN:32,(anonymous_2)
FN:33,(anonymous_3)
FN:36,(anonymous_4)
FNF:5
FNH:0
FNDA:0,(anonymous_0)
FNDA:0,(anonymous_1)
FNDA:0,(anonymous_2)
FNDA:0,(anonymous_3)
FNDA:0,(anonymous_4)
DA:2,0
DA:5,0
DA:12,0
DA:15,0
DA:17,0
DA:21,0
DA:28,0
DA:29,0
DA:33,0
DA:37,0
DA:41,0
LF:11
LH:0
BRDA:15,0,0,0
BRDA:15,0,1,0
BRF:2
BRH:0
end_of_record
TN:
SF:yolo-pro/src/file-reference-audit.js
FN:14,(anonymous_0)
FN:37,(anonymous_1)
FN:52,(anonymous_2)
FN:105,(anonymous_3)
FN:156,(anonymous_4)
FN:217,(anonymous_5)
FN:240,(anonymous_6)
FN:265,(anonymous_7)
FN:283,(anonymous_8)
FN:301,(anonymous_9)
FN:324,(anonymous_10)
FN:345,(anonymous_11)
FN:365,(anonymous_12)
FN:375,(anonymous_13)
FN:390,(anonymous_14)
FN:402,(anonymous_15)
FN:405,(anonymous_16)
FN:423,(anonymous_17)
FN:424,(anonymous_18)
FN:446,(anonymous_19)
FN:458,(anonymous_20)
FN:475,(anonymous_21)
FN:489,(anonymous_22)
FN:510,(anonymous_23)
FN:542,(anonymous_24)
FN:568,(anonymous_25)
FN:577,(anonymous_26)
FNF:27
FNH:0
FNDA:0,(anonymous_0)
FNDA:0,(anonymous_1)
FNDA:0,(anonymous_2)
FNDA:0,(anonymous_3)
FNDA:0,(anonymous_4)
FNDA:0,(anonymous_5)
FNDA:0,(anonymous_6)
FNDA:0,(anonymous_7)
FNDA:0,(anonymous_8)
FNDA:0,(anonymous_9)
FNDA:0,(anonymous_10)
FNDA:0,(anonymous_11)
FNDA:0,(anonymous_12)
FNDA:0,(anonymous_13)
FNDA:0,(anonymous_14)
FNDA:0,(anonymous_15)
FNDA:0,(anonymous_16)
FNDA:0,(anonymous_17)
FNDA:0,(anonymous_18)
FNDA:0,(anonymous_19)
FNDA:0,(anonymous_20)
FNDA:0,(anonymous_21)
FNDA:0,(anonymous_22)
FNDA:0,(anonymous_23)
FNDA:0,(anonymous_24)
FNDA:0,(anonymous_25)
FNDA:0,(anonymous_26)
DA:6,0
DA:7,0
DA:8,0
DA:15,0
DA:26,0
DA:27,0
DA:30,0
DA:38,0
DA:39,0
DA:40,0
DA:42,0
DA:53,0
DA:54,0
DA:55,0
DA:57,0
DA:79,0
DA:82,0
DA:84,0
DA:92,0
DA:93,0
DA:106,0
DA:107,0
DA:108,0
DA:110,0
DA:133,0
DA:135,0
DA:143,0
DA:144,0
DA:157,0
DA:158,0
DA:159,0
DA:162,0
DA:163,0
DA:165,0
DA:189,0
DA:192,0
DA:193,0
DA:196,0
DA:205,0
DA:206,0
DA:218,0
DA:220,0
DA:221,0
DA:222,0
DA:225,0
DA:232,0
DA:239,0
DA:240,0
DA:244,0
DA:245,0
DA:247,0
DA:250,0
DA:251,0
DA:266,0
DA:269,0
DA:270,0
DA:274,0
DA:275,0
DA:284,0
DA:285,0
DA:289,0
DA:290,0
DA:291,0
DA:292,0
DA:294,0
DA:302,0
DA:304,0
DA:305,0
DA:307,0
DA:308,0
DA:310,0
DA:311,0
DA:313,0
DA:314,0
DA:316,0
DA:325,0
DA:326,0
DA:331,0
DA:334,0
DA:337,0
DA:346,0
DA:347,0
DA:349,0
DA:350,0
DA:351,0
DA:353,0
DA:354,0
DA:366,0
DA:367,0
DA:368,0
DA:376,0
DA:383,0
DA:391,0
DA:393,0
DA:400,0
DA:401,0
DA:402,0
DA:405,0
DA:406,0
DA:410,0
DA:411,0
DA:414,0
DA:416,0
DA:424,0
DA:425,0
DA:427,0
DA:428,0
DA:431,0
DA:432,0
DA:435,0
DA:436,0
DA:439,0
DA:447,0
DA:448,0
DA:449,0
DA:450,0
DA:451,0
DA:459,0
DA:461,0
DA:463,0
DA:465,0
DA:467,0
DA:477,0
DA:490,0
DA:491,0
DA:494,0
DA:495,0
DA:496,0
DA:501,0
DA:502,0
DA:511,0
DA:512,0
DA:513,0
DA:515,0
DA:516,0
DA:517,0
DA:518,0
DA:520,0
DA:521,0
DA:522,0
DA:527,0
DA:543,0
DA:545,0
DA:546,0
DA:547,0
DA:555,0
DA:569,0
DA:579,0
DA:580,0
DA:581,0
DA:585,0
LF:151
LH:0
BRDA:14,0,0,0
BRDA:16,1,0,0
BRDA:16,1,1,0
BRDA:19,2,0,0
BRDA:19,2,1,0
BRDA:20,3,0,0
BRDA:20,3,1,0
BRDA:21,4,0,0
BRDA:21,4,1,0
BRDA:38,5,0,0
BRDA:38,5,1,0
BRDA:61,6,0,0
BRDA:61,6,1,0
BRDA:64,7,0,0
BRDA:64,7,1,0
BRDA:114,8,0,0
BRDA:114,8,1,0
BRDA:119,9,0,0
BRDA:119,9,1,0
BRDA:124,10,0,0
BRDA:124,10,1,0
BRDA:125,11,0,0
BRDA:125,11,1,0
BRDA:181,12,0,0
BRDA:181,12,1,0
BRDA:192,13,0,0
BRDA:192,13,1,0
BRDA:218,14,0,0
BRDA:218,14,1,0
BRDA:225,15,0,0
BRDA:225,15,1,0
BRDA:250,16,0,0
BRDA:250,16,1,0
BRDA:269,17,0,0
BRDA:269,17,1,0
BRDA:274,18,0,0
BRDA:274,18,1,0
BRDA:284,19,0,0
BRDA:284,19,1,0
BRDA:302,20,0,0
BRDA:302,20,1,0
BRDA:302,20,2,0
BRDA:302,20,3,0
BRDA:302,20,4,0
BRDA:349,21,0,0
BRDA:349,21,1,0
BRDA:365,22,0,0
BRDA:383,23,0,0
BRDA:383,23,1,0
BRDA:391,24,0,0
BRDA:391,24,1,0
BRDA:406,25,0,0
BRDA:406,25,1,0
BRDA:410,26,0,0
BRDA:410,26,1,0
BRDA:411,27,0,0
BRDA:411,27,1,0
BRDA:414,28,0,0
BRDA:414,28,1,0
BRDA:427,29,0,0
BRDA:427,29,1,0
BRDA:427,30,0,0
BRDA:427,30,1,0
BRDA:431,31,0,0
BRDA:431,31,1,0
BRDA:435,32,0,0
BRDA:435,32,1,0
BRDA:447,33,0,0
BRDA:447,33,1,0
BRDA:448,34,0,0
BRDA:448,34,1,0
BRDA:449,35,0,0
BRDA:449,35,1,0
BRDA:450,36,0,0
BRDA:450,36,1,0
BRDA:459,37,0,0
BRDA:459,37,1,0
BRDA:459,37,2,0
BRDA:459,37,3,0
BRDA:461,38,0,0
BRDA:461,38,1,0
BRDA:495,39,0,0
BRDA:495,39,1,0
BRDA:501,40,0,0
BRDA:501,40,1,0
BRDA:516,41,0,0
BRDA:516,41,1,0
BRDA:516,42,0,0
BRDA:516,42,1,0
BRDA:520,43,0,0
BRDA:520,43,1,0
BRDA:542,44,0,0
BRDA:546,45,0,0
BRDA:546,45,1,0
BRF:94
BRH:0
end_of_record
TN:
SF:yolo-pro/src/file-reference-cache.js
FN:10,(anonymous_0)
FN:22,(anonymous_1)
FN:34,(anonymous_2)
FN:61,(anonymous_3)
FN:80,(anonymous_4)
FN:115,(anonymous_5)
FN:136,(anonymous_6)
FN:151,(anonymous_7)
FN:165,(anonymous_8)
FN:196,(anonymous_9)
FN:204,(anonymous_10)
FN:214,(anonymous_11)
FN:228,(anonymous_12)
FN:241,(anonymous_13)
FN:251,(anonymous_14)
FN:262,(anonymous_15)
FN:274,(anonymous_16)
FN:286,(anonymous_17)
FN:315,(anonymous_18)
FNF:19
FNH:0
FNDA:0,(anonymous_0)
FNDA:0,(anonymous_1)
FNDA:0,(anonymous_2)
FNDA:0,(anonymous_3)
FNDA:0,(anonymous_4)
FNDA:0,(anonymous_5)
FNDA:0,(anonymous_6)
FNDA:0,(anonymous_7)
FNDA:0,(anonymous_8)
FNDA:0,(anonymous_9)
FNDA:0,(anonymous_10)
FNDA:0,(anonymous_11)
FNDA:0,(anonymous_12)
FNDA:0,(anonymous_13)
FNDA:0,(anonymous_14)
FNDA:0,(anonymous_15)
FNDA:0,(anonymous_16)
FNDA:0,(anonymous_17)
FNDA:0,(anonymous_18)
DA:11,0
DA:18,0
DA:19,0
DA:22,0
DA:23,0
DA:35,0
DA:36,0
DA:37,0
DA:40,0
DA:41,0
DA:45,0
DA:46,0
DA:50,0
DA:58,0
DA:61,0
DA:62,0
DA:65,0
DA:67,0
DA:70,0
DA:71,0
DA:81,0
DA:82,0
DA:84,0
DA:85,0
DA:89,0
DA:90,0
DA:91,0
DA:95,0
DA:96,0
DA:99,0
DA:100,0
DA:102,0
DA:105,0
DA:106,0
DA:116,0
DA:118,0
DA:119,0
DA:120,0
DA:123,0
DA:126,0
DA:127,0
DA:137,0
DA:138,0
DA:140,0
DA:141,0
DA:142,0
DA:145,0
DA:153,0
DA:154,0
DA:157,0
DA:158,0
DA:166,0
DA:167,0
DA:168,0
DA:169,0
DA:170,0
DA:172,0
DA:173,0
DA:174,0
DA:176,0
DA:177,0
DA:178,0
DA:181,0
DA:197,0
DA:205,0
DA:215,0
DA:216,0
DA:219,0
DA:220,0
DA:224,0
DA:225,0
DA:228,0
DA:229,0
DA:232,0
DA:234,0
DA:242,0
DA:243,0
DA:245,0
DA:246,0
DA:247,0
DA:251,0
DA:253,0
DA:254,0
DA:265,0
DA:266,0
DA:267,0
DA:275,0
DA:276,0
DA:279,0
DA:287,0
DA:288,0
DA:290,0
DA:292,0
DA:293,0
DA:303,0
DA:316,0
DA:317,0
DA:320,0
DA:321,0
DA:323,0
DA:325,0
DA:326,0
DA:327,0
DA:328,0
DA:332,0
DA:336,0
LF:106
LH:0
BRDA:10,0,0,0
BRDA:12,1,0,0
BRDA:12,1,1,0
BRDA:13,2,0,0
BRDA:13,2,1,0
BRDA:14,3,0,0
BRDA:14,3,1,0
BRDA:34,4,0,0
BRDA:36,5,0,0
BRDA:36,5,1,0
BRDA:40,6,0,0
BRDA:40,6,1,0
BRDA:40,7,0,0
BRDA:40,7,1,0
BRDA:45,8,0,0
BRDA:45,8,1,0
BRDA:84,9,0,0
BRDA:84,9,1,0
BRDA:89,10,0,0
BRDA:89,10,1,0
BRDA:118,11,0,0
BRDA:118,11,1,0
BRDA:138,12,0,0
BRDA:138,12,1,0
BRDA:140,13,0,0
BRDA:140,13,1,0
BRDA:173,14,0,0
BRDA:173,14,1,0
BRDA:187,15,0,0
BRDA:187,15,1,0
BRDA:188,16,0,0
BRDA:188,16,1,0
BRDA:216,17,0,0
BRDA:216,17,1,0
BRDA:219,18,0,0
BRDA:219,18,1,0
BRDA:246,19,0,0
BRDA:246,19,1,0
BRDA:253,20,0,0
BRDA:253,20,1,0
BRDA:266,21,0,0
BRDA:266,21,1,0
BRDA:275,22,0,0
BRDA:275,22,1,0
BRDA:292,23,0,0
BRDA:292,23,1,0
BRDA:316,24,0,0
BRDA:316,24,1,0
BRDA:316,25,0,0
BRDA:316,25,1,0
BRDA:325,26,0,0
BRDA:325,26,1,0
BRF:52
BRH:0
end_of_record
TN:
SF:yolo-pro/src/file-reference-integration.js
FN:10,(anonymous_0)
FN:28,(anonymous_1)
FN:40,(anonymous_2)
FN:45,(anonymous_3)
FN:83,(anonymous_4)
FN:84,(anonymous_5)
FN:101,(anonymous_6)
FN:120,(anonymous_7)
FN:136,(anonymous_8)
FN:144,(anonymous_9)
FN:152,(anonymous_10)
FN:164,(anonymous_11)
FN:185,(anonymous_12)
FN:241,(anonymous_13)
FN:264,(anonymous_14)
FN:284,(anonymous_15)
FN:323,(anonymous_16)
FN:374,(anonymous_17)
FN:392,(anonymous_18)
FN:422,(anonymous_19)
FN:432,(anonymous_20)
FN:450,(anonymous_21)
FN:453,(anonymous_22)
FN:455,(anonymous_23)
FN:458,(anonymous_24)
FN:461,(anonymous_25)
FN:464,(anonymous_26)
FN:467,(anonymous_27)
FN:479,(anonymous_28)
FNF:29
FNH:0
FNDA:0,(anonymous_0)
FNDA:0,(anonymous_1)
FNDA:0,(anonymous_2)
FNDA:0,(anonymous_3)
FNDA:0,(anonymous_4)
FNDA:0,(anonymous_5)
FNDA:0,(anonymous_6)
FNDA:0,(anonymous_7)
FNDA:0,(anonymous_8)
FNDA:0,(anonymous_9)
FNDA:0,(anonymous_10)
FNDA:0,(anonymous_11)
FNDA:0,(anonymous_12)
FNDA:0,(anonymous_13)
FNDA:0,(anonymous_14)
FNDA:0,(anonymous_15)
FNDA:0,(anonymous_16)
FNDA:0,(anonymous_17)
FNDA:0,(anonymous_18)
FNDA:0,(anonymous_19)
FNDA:0,(anonymous_20)
FNDA:0,(anonymous_21)
FNDA:0,(anonymous_22)
FNDA:0,(anonymous_23)
FNDA:0,(anonymous_24)
FNDA:0,(anonymous_25)
FNDA:0,(anonymous_26)
FNDA:0,(anonymous_27)
FNDA:0,(anonymous_28)
DA:11,0
DA:19,0
DA:20,0
DA:29,0
DA:30,0
DA:33,0
DA:39,0
DA:40,0
DA:44,0
DA:45,0
DA:48,0
DA:49,0
DA:58,0
DA:59,0
DA:69,0
DA:70,0
DA:72,0
DA:84,0
DA:85,0
DA:86,0
DA:88,0
DA:89,0
DA:90,0
DA:102,0
DA:103,0
DA:104,0
DA:107,0
DA:121,0
DA:128,0
DA:137,0
DA:139,0
DA:140,0
DA:143,0
DA:144,0
DA:147,0
DA:148,0
DA:152,0
DA:158,0
DA:164,0
DA:169,0
DA:186,0
DA:187,0
DA:199,0
DA:200,0
DA:202,0
DA:204,0
DA:205,0
DA:206,0
DA:207,0
DA:208,0
DA:212,0
DA:224,0
DA:242,0
DA:243,0
DA:245,0
DA:246,0
DA:249,0
DA:250,0
DA:251,0
DA:252,0
DA:256,0
DA:257,0
DA:258,0
DA:259,0
DA:263,0
DA:264,0
DA:266,0
DA:285,0
DA:286,0
DA:289,0
DA:290,0
DA:292,0
DA:293,0
DA:294,0
DA:296,0
DA:297,0
DA:298,0
DA:303,0
DA:305,0
DA:324,0
DA:325,0
DA:327,0
DA:329,0
DA:346,0
DA:357,0
DA:376,0
DA:394,0
DA:395,0
DA:396,0
DA:398,0
DA:399,0
DA:400,0
DA:411,0
DA:422,0
DA:434,0
DA:451,0
DA:453,0
DA:454,0
DA:455,0
DA:456,0
DA:457,0
DA:458,0
DA:460,0
DA:461,0
DA:463,0
DA:464,0
DA:467,0
DA:471,0
DA:472,0
DA:480,0
DA:481,0
DA:483,0
DA:484,0
DA:485,0
DA:486,0
DA:489,0
DA:493,0
LF:117
LH:0
BRDA:10,0,0,0
BRDA:12,1,0,0
BRDA:12,1,1,0
BRDA:13,2,0,0
BRDA:13,2,1,0
BRDA:14,3,0,0
BRDA:14,3,1,0
BRDA:15,4,0,0
BRDA:15,4,1,0
BRDA:29,5,0,0
BRDA:29,5,1,0
BRDA:33,6,0,0
BRDA:33,6,1,0
BRDA:48,7,0,0
BRDA:48,7,1,0
BRDA:58,8,0,0
BRDA:58,8,1,0
BRDA:89,9,0,0
BRDA:89,9,1,0
BRDA:89,10,0,0
BRDA:89,10,1,0
BRDA:103,11,0,0
BRDA:103,11,1,0
BRDA:120,12,0,0
BRDA:122,13,0,0
BRDA:122,13,1,0
BRDA:128,14,0,0
BRDA:128,14,1,0
BRDA:144,15,0,0
BRDA:144,15,1,0
BRDA:147,16,0,0
BRDA:147,16,1,0
BRDA:186,17,0,0
BRDA:186,17,1,0
BRDA:186,18,0,0
BRDA:186,18,1,0
BRDA:204,19,0,0
BRDA:204,19,1,0
BRDA:207,20,0,0
BRDA:207,20,1,0
BRDA:207,21,0,0
BRDA:207,21,1,0
BRDA:249,22,0,0
BRDA:249,22,1,0
BRDA:252,23,0,0
BRDA:252,23,1,0
BRDA:256,24,0,0
BRDA:256,24,1,0
BRDA:259,25,0,0
BRDA:259,25,1,0
BRDA:263,26,0,0
BRDA:263,26,1,0
BRDA:264,27,0,0
BRDA:264,27,1,0
BRDA:272,28,0,0
BRDA:272,28,1,0
BRDA:273,29,0,0
BRDA:273,29,1,0
BRDA:289,30,0,0
BRDA:289,30,1,0
BRDA:293,31,0,0
BRDA:293,31,1,0
BRDA:293,32,0,0
BRDA:293,32,1,0
BRDA:297,33,0,0
BRDA:297,33,1,0
BRDA:309,34,0,0
BRDA:309,34,1,0
BRDA:310,35,0,0
BRDA:310,35,1,0
BRDA:325,36,0,0
BRDA:325,36,1,0
BRDA:325,37,0,0
BRDA:325,37,1,0
BRDA:348,38,0,0
BRDA:348,38,1,0
BRDA:350,39,0,0
BRDA:350,39,1,0
BRDA:351,40,0,0
BRDA:351,40,1,0
BRDA:394,41,0,0
BRDA:394,41,1,0
BRDA:399,42,0,0
BRDA:399,42,1,0
BRDA:421,43,0,0
BRDA:421,43,1,0
BRDA:422,44,0,0
BRDA:422,44,1,0
BRDA:454,45,0,0
BRDA:454,45,1,0
BRDA:456,46,0,0
BRDA:456,46,1,0
BRDA:456,47,0,0
BRDA:456,47,1,0
BRDA:457,48,0,0
BRDA:457,48,1,0
BRDA:460,49,0,0
BRDA:460,49,1,0
BRDA:463,50,0,0
BRDA:463,50,1,0
BRF:100
BRH:0
end_of_record
TN:
SF:yolo-pro/src/file-reference-protocol.js
FN:6,(anonymous_0)
FN:23,(anonymous_1)
FN:71,(anonymous_2)
FN:128,(anonymous_3)
FN:153,(anonymous_4)
FN:187,(anonymous_5)
FN:193,(anonymous_6)
FN:205,(anonymous_7)
FN:206,(anonymous_8)
FN:207,(anonymous_9)
FN:212,(anonymous_10)
FN:276,(anonymous_11)
FN:279,(anonymous_12)
FN:291,(anonymous_13)
FN:297,(anonymous_14)
FN:312,(anonymous_15)
FN:319,(anonymous_16)
FN:334,(anonymous_17)
FN:357,(anonymous_18)
FN:366,(anonymous_19)
FN:375,(anonymous_20)
FNF:21
FNH:12
FNDA:1,(anonymous_0)
FNDA:8,(anonymous_1)
FNDA:33,(anonymous_2)
FNDA:17,(anonymous_3)
FNDA:4,(anonymous_4)
FNDA:0,(anonymous_5)
FNDA:0,(anonymous_6)
FNDA:0,(anonymous_7)
FNDA:0,(anonymous_8)
FNDA:0,(anonymous_9)
FNDA:30,(anonymous_10)
FNDA:23,(anonymous_11)
FNDA:92,(anonymous_12)
FNDA:23,(anonymous_13)
FNDA:8,(anonymous_14)
FNDA:8,(anonymous_15)
FNDA:0,(anonymous_16)
FNDA:6,(anonymous_17)
FNDA:0,(anonymous_18)
FNDA:0,(anonymous_19)
FNDA:0,(anonymous_20)
DA:1,1
DA:2,1
DA:3,1
DA:7,1
DA:18,1
DA:19,1
DA:20,1
DA:24,8
DA:26,8
DA:28,8
DA:29,0
DA:39,8
DA:40,8
DA:41,2
DA:49,6
DA:51,6
DA:61,0
DA:72,33
DA:73,3
DA:81,30
DA:82,0
DA:90,30
DA:91,30
DA:92,7
DA:100,23
DA:102,23
DA:105,23
DA:106,23
DA:107,0
DA:114,23
DA:120,0
DA:129,17
DA:130,17
DA:131,0
DA:146,17
DA:154,4
DA:155,4
DA:158,4
DA:159,0
DA:160,0
DA:164,4
DA:165,0
DA:166,0
DA:170,4
DA:171,1
DA:172,1
DA:176,4
DA:177,1
DA:178,1
DA:181,4
DA:188,0
DA:189,0
DA:191,0
DA:192,0
DA:193,0
DA:194,0
DA:197,0
DA:198,0
DA:201,0
DA:205,0
DA:206,0
DA:207,0
DA:214,30
DA:223,30
DA:224,155
DA:225,5
DA:238,25
DA:246,25
DA:247,121
DA:248,1
DA:261,24
DA:262,1
DA:273,23
DA:278,23
DA:279,92
DA:281,23
DA:282,0
DA:288,23
DA:292,23
DA:293,0
DA:298,8
DA:299,8
DA:313,8
DA:315,0
DA:316,0
DA:319,0
DA:322,0
DA:323,0
DA:326,0
DA:327,0
DA:328,0
DA:330,0
DA:335,6
DA:336,6
DA:345,0
DA:358,0
DA:367,0
DA:376,0
DA:385,1
LF:99
LH:62
BRDA:6,0,0,1
BRDA:8,1,0,1
BRDA:8,1,1,1
BRDA:9,2,0,1
BRDA:9,2,1,1
BRDA:10,3,0,1
BRDA:10,3,1,1
BRDA:11,4,0,1
BRDA:11,4,1,1
BRDA:12,5,0,1
BRDA:12,5,1,1
BRDA:13,6,0,1
BRDA:13,6,1,1
BRDA:23,7,0,0
BRDA:28,8,0,0
BRDA:28,8,1,8
BRDA:40,9,0,2
BRDA:40,9,1,6
BRDA:72,10,0,3
BRDA:72,10,1,30
BRDA:72,11,0,33
BRDA:72,11,1,30
BRDA:81,12,0,0
BRDA:81,12,1,30
BRDA:91,13,0,7
BRDA:91,13,1,23
BRDA:106,14,0,0
BRDA:106,14,1,23
BRDA:148,15,0,16
BRDA:148,15,1,1
BRDA:158,16,0,0
BRDA:158,16,1,4
BRDA:164,17,0,0
BRDA:164,17,1,4
BRDA:170,18,0,1
BRDA:170,18,1,3
BRDA:176,19,0,1
BRDA:176,19,1,3
BRDA:187,20,0,0
BRDA:224,21,0,5
BRDA:224,21,1,150
BRDA:247,22,0,1
BRDA:247,22,1,120
BRDA:261,23,0,1
BRDA:261,23,1,23
BRDA:281,24,0,0
BRDA:281,24,1,23
BRDA:292,25,0,23
BRDA:292,25,1,0
BRDA:297,26,0,8
BRDA:313,27,0,8
BRDA:313,27,1,0
BRDA:316,28,0,0
BRDA:316,28,1,0
BRDA:322,29,0,0
BRDA:322,29,1,0
BRDA:335,30,0,6
BRDA:335,30,1,0
BRDA:341,31,0,0
BRDA:341,31,1,6
BRDA:341,32,0,6
BRDA:341,32,1,0
BRF:62
BRH:45
end_of_record
TN:
SF:yolo-pro/src/file-reference-validator.js
FN:13,(anonymous_0)
FN:47,(anonymous_1)
FN:114,(anonymous_2)
FN:118,(anonymous_3)
FN:139,(anonymous_4)
FN:155,(anonymous_5)
FN:167,(anonymous_6)
FN:205,(anonymous_7)
FN:232,(anonymous_8)
FN:273,(anonymous_9)
FN:288,(anonymous_10)
FN:305,(anonymous_11)
FN:322,(anonymous_12)
FN:342,(anonymous_13)
FN:343,(anonymous_14)
FN:344,(anonymous_15)
FN:345,(anonymous_16)
FN:354,(anonymous_17)
FN:364,(anonymous_18)
FN:403,(anonymous_19)
FNF:20
FNH:0
FNDA:0,(anonymous_0)
FNDA:0,(anonymous_1)
FNDA:0,(anonymous_2)
FNDA:0,(anonymous_3)
FNDA:0,(anonymous_4)
FNDA:0,(anonymous_5)
FNDA:0,(anonymous_6)
FNDA:0,(anonymous_7)
FNDA:0,(anonymous_8)
FNDA:0,(anonymous_9)
FNDA:0,(anonymous_10)
FNDA:0,(anonymous_11)
FNDA:0,(anonymous_12)
FNDA:0,(anonymous_13)
FNDA:0,(anonymous_14)
FNDA:0,(anonymous_15)
FNDA:0,(anonymous_16)
FNDA:0,(anonymous_17)
FNDA:0,(anonymous_18)
FNDA:0,(anonymous_19)
DA:6,0
DA:7,0
DA:14,0
DA:24,0
DA:36,0
DA:48,0
DA:50,0
DA:51,0
DA:52,0
DA:66,0
DA:67,0
DA:68,0
DA:81,0
DA:82,0
DA:83,0
DA:94,0
DA:100,0
DA:115,0
DA:116,0
DA:118,0
DA:119,0
DA:120,0
DA:121,0
DA:122,0
DA:127,0
DA:140,0
DA:143,0
DA:144,0
DA:145,0
DA:150,0
DA:151,0
DA:155,0
DA:156,0
DA:157,0
DA:168,0
DA:171,0
DA:172,0
DA:181,0
DA:182,0
DA:183,0
DA:192,0
DA:206,0
DA:207,0
DA:208,0
DA:209,0
DA:210,0
DA:213,0
DA:214,0
DA:215,0
DA:216,0
DA:220,0
DA:221,0
DA:222,0
DA:226,0
DA:232,0
DA:233,0
DA:234,0
DA:235,0
DA:240,0
DA:243,0
DA:244,0
DA:245,0
DA:246,0
DA:248,0
DA:249,0
DA:250,0
DA:257,0
DA:274,0
DA:275,0
DA:276,0
DA:279,0
DA:288,0
DA:289,0
DA:290,0
DA:291,0
DA:292,0
DA:297,0
DA:305,0
DA:306,0
DA:307,0
DA:308,0
DA:309,0
DA:314,0
DA:322,0
DA:323,0
DA:324,0
DA:325,0
DA:326,0
DA:330,0
DA:343,0
DA:344,0
DA:345,0
DA:346,0
DA:355,0
DA:365,0
DA:366,0
DA:367,0
DA:368,0
DA:370,0
DA:378,0
DA:379,0
DA:380,0
DA:381,0
DA:384,0
DA:387,0
DA:404,0
DA:406,0
DA:416,0
LF:108
LH:0
BRDA:13,0,0,0
BRDA:16,1,0,0
BRDA:16,1,1,0
BRDA:17,2,0,0
BRDA:17,2,1,0
BRDA:18,3,0,0
BRDA:18,3,1,0
BRDA:19,4,0,0
BRDA:19,4,1,0
BRDA:51,5,0,0
BRDA:51,5,1,0
BRDA:51,6,0,0
BRDA:51,6,1,0
BRDA:57,7,0,0
BRDA:57,7,1,0
BRDA:67,8,0,0
BRDA:67,8,1,0
BRDA:82,9,0,0
BRDA:82,9,1,0
BRDA:119,10,0,0
BRDA:119,10,1,0
BRDA:121,11,0,0
BRDA:121,11,1,0
BRDA:144,12,0,0
BRDA:144,12,1,0
BRDA:150,13,0,0
BRDA:150,13,1,0
BRDA:150,14,0,0
BRDA:150,14,1,0
BRDA:157,15,0,0
BRDA:157,15,1,0
BRDA:171,16,0,0
BRDA:171,16,1,0
BRDA:181,17,0,0
BRDA:181,17,1,0
BRDA:181,18,0,0
BRDA:181,18,1,0
BRDA:186,19,0,0
BRDA:186,19,1,0
BRDA:187,20,0,0
BRDA:187,20,1,0
BRDA:213,21,0,0
BRDA:213,21,1,0
BRDA:220,22,0,0
BRDA:220,22,1,0
BRDA:233,23,0,0
BRDA:233,23,1,0
BRDA:245,24,0,0
BRDA:245,24,1,0
BRDA:248,25,0,0
BRDA:248,25,1,0
BRDA:264,26,0,0
BRDA:264,26,1,0
BRDA:289,27,0,0
BRDA:289,27,1,0
BRDA:306,28,0,0
BRDA:306,28,1,0
BRDA:323,29,0,0
BRDA:323,29,1,0
BRDA:343,30,0,0
BRDA:343,30,1,0
BRDA:344,31,0,0
BRDA:344,31,1,0
BRDA:345,32,0,0
BRDA:345,32,1,0
BRDA:364,33,0,0
BRDA:378,34,0,0
BRDA:378,34,1,0
BRDA:410,35,0,0
BRDA:410,35,1,0
BRF:70
BRH:0
end_of_record
TN:
SF:yolo-pro/src/github-api-integration.js
FN:9,(anonymous_0)
FN:34,(anonymous_1)
FN:62,(anonymous_2)
FN:115,(anonymous_3)
FN:141,(anonymous_4)
FN:165,(anonymous_5)
FN:223,(anonymous_6)
FN:278,(anonymous_7)
FN:313,(anonymous_8)
FN:320,(anonymous_9)
FN:323,(anonymous_10)
FN:335,(anonymous_11)
FN:341,(anonymous_12)
FN:342,(anonymous_13)
FN:358,(anonymous_14)
FN:365,(anonymous_15)
FN:366,(anonymous_16)
FN:374,(anonymous_17)
FN:394,(anonymous_18)
FN:414,(anonymous_19)
FN:421,(anonymous_20)
FN:422,(anonymous_21)
FN:431,(anonymous_22)
FN:438,(anonymous_23)
FN:441,(anonymous_24)
FN:454,(anonymous_25)
FN:464,(anonymous_26)
FN:469,(anonymous_27)
FN:474,(anonymous_28)
FN:479,(anonymous_29)
FN:484,(anonymous_30)
FN:488,(anonymous_31)
FN:492,(anonymous_32)
FNF:33
FNH:30
FNDA:24,(anonymous_0)
FNDA:3,(anonymous_1)
FNDA:4,(anonymous_2)
FNDA:8,(anonymous_3)
FNDA:2,(anonymous_4)
FNDA:1,(anonymous_5)
FNDA:0,(anonymous_6)
FNDA:1,(anonymous_7)
FNDA:4,(anonymous_8)
FNDA:2,(anonymous_9)
FNDA:2,(anonymous_10)
FNDA:2,(anonymous_11)
FNDA:2,(anonymous_12)
FNDA:4,(anonymous_13)
FNDA:2,(anonymous_14)
FNDA:4,(anonymous_15)
FNDA:1,(anonymous_16)
FNDA:2,(anonymous_17)
FNDA:7,(anonymous_18)
FNDA:48,(anonymous_19)
FNDA:4,(anonymous_20)
FNDA:7,(anonymous_21)
FNDA:3,(anonymous_22)
FNDA:3,(anonymous_23)
FNDA:3,(anonymous_24)
FNDA:0,(anonymous_25)
FNDA:1,(anonymous_26)
FNDA:1,(anonymous_27)
FNDA:1,(anonymous_28)
FNDA:0,(anonymous_29)
FNDA:2,(anonymous_30)
FNDA:6,(anonymous_31)
FNDA:2,(anonymous_32)
DA:6,2
DA:10,24
DA:19,24
DA:26,24
DA:27,24
DA:28,24
DA:35,3
DA:36,3
DA:37,1
DA:39,1
DA:40,1
DA:42,1
DA:51,2
DA:63,4
DA:64,4
DA:65,0
DA:68,4
DA:70,4
DA:71,3
DA:72,1
DA:76,2
DA:79,2
DA:82,2
DA:84,0
DA:104,0
DA:105,0
DA:108,4
DA:116,8
DA:117,8
DA:119,0
DA:121,0
DA:123,0
DA:125,0
DA:127,0
DA:129,0
DA:131,0
DA:134,8
DA:142,2
DA:143,2
DA:145,1
DA:147,1
DA:149,0
DA:151,0
DA:153,0
DA:155,0
DA:158,2
DA:166,1
DA:176,1
DA:179,1
DA:188,0
DA:189,0
DA:192,0
DA:193,0
DA:197,0
DA:198,0
DA:202,0
DA:204,0
DA:216,1
DA:224,0
DA:232,0
DA:241,0
DA:268,0
DA:271,0
DA:279,1
DA:284,1
DA:287,1
DA:293,0
DA:295,0
DA:307,1
DA:314,4
DA:320,3
DA:324,2
DA:332,2
DA:336,2
DA:337,2
DA:338,2
DA:339,2
DA:341,2
DA:342,4
DA:344,2
DA:345,0
DA:346,2
DA:347,2
DA:348,0
DA:349,0
DA:351,0
DA:355,2
DA:359,2
DA:365,4
DA:366,1
DA:376,2
DA:384,2
DA:386,0
DA:395,7
DA:396,7
DA:397,6
DA:399,6
DA:401,6
DA:402,5
DA:404,6
DA:405,6
DA:408,6
DA:413,6
DA:414,6
DA:415,48
DA:418,6
DA:422,7
DA:424,4
DA:425,3
DA:426,2
DA:427,2
DA:428,1
DA:432,3
DA:435,3
DA:436,3
DA:438,3
DA:442,3
DA:443,2
DA:451,2
DA:456,0
DA:466,1
DA:471,1
DA:476,1
DA:481,0
DA:485,2
DA:488,6
DA:489,2
DA:492,2
DA:493,2
DA:494,2
DA:496,2
DA:499,2
DA:500,1
DA:503,2
DA:510,2
LF:135
LH:98
BRDA:9,0,0,0
BRDA:11,1,0,24
BRDA:11,1,1,0
BRDA:14,2,0,24
BRDA:14,2,1,24
BRDA:15,3,0,24
BRDA:15,3,1,24
BRDA:64,4,0,0
BRDA:64,4,1,4
BRDA:71,5,0,1
BRDA:71,5,1,2
BRDA:95,6,0,0
BRDA:95,6,1,0
BRDA:115,7,0,6
BRDA:119,8,0,0
BRDA:119,8,1,0
BRDA:119,8,2,0
BRDA:119,8,3,0
BRDA:119,8,4,0
BRDA:119,8,5,0
BRDA:141,9,0,0
BRDA:143,10,0,1
BRDA:143,10,1,1
BRDA:143,10,2,0
BRDA:143,10,3,0
BRDA:143,10,4,0
BRDA:143,10,5,0
BRDA:169,11,0,0
BRDA:172,12,0,1
BRDA:173,13,0,0
BRDA:174,14,0,0
BRDA:175,15,0,0
BRDA:188,16,0,0
BRDA:188,16,1,0
BRDA:192,17,0,0
BRDA:192,17,1,0
BRDA:197,18,0,0
BRDA:197,18,1,0
BRDA:278,19,0,0
BRDA:281,20,0,0
BRDA:282,21,0,0
BRDA:283,22,0,0
BRDA:344,23,0,0
BRDA:344,23,1,2
BRDA:346,24,0,2
BRDA:346,24,1,0
BRDA:346,25,0,2
BRDA:346,25,1,1
BRDA:348,26,0,0
BRDA:348,26,1,0
BRDA:395,27,0,7
BRDA:395,27,1,1
BRDA:401,28,0,1
BRDA:401,28,1,5
BRDA:402,29,0,0
BRDA:402,29,1,5
BRDA:404,30,0,0
BRDA:404,30,1,6
BRDA:405,31,0,1
BRDA:405,31,1,5
BRDA:415,32,0,3
BRDA:415,32,1,45
BRDA:424,33,0,1
BRDA:424,33,1,3
BRDA:424,34,0,4
BRDA:424,34,1,3
BRDA:425,35,0,1
BRDA:425,35,1,2
BRDA:426,36,0,0
BRDA:426,36,1,2
BRDA:427,37,0,1
BRDA:427,37,1,1
BRDA:432,38,0,0
BRDA:432,38,1,3
BRDA:438,39,0,1
BRDA:438,39,1,2
BRDA:451,40,0,2
BRDA:451,40,1,0
BRDA:494,41,0,2
BRDA:494,41,1,1
BRDA:499,42,0,1
BRDA:499,42,1,1
BRF:82
BRH:43
end_of_record
TN:
SF:yolo-pro/src/github-label-manager.js
FN:7,(anonymous_0)
FN:29,(anonymous_1)
FN:74,(anonymous_2)
FN:81,(anonymous_3)
FN:100,(anonymous_4)
FN:106,(anonymous_5)
FN:132,(anonymous_6)
FN:165,(anonymous_7)
FN:183,(anonymous_8)
FN:240,(anonymous_9)
FN:244,(anonymous_10)
FN:290,(anonymous_11)
FN:291,(anonymous_12)
FN:298,(anonymous_13)
FN:358,(anonymous_14)
FN:402,(anonymous_15)
FN:430,(anonymous_16)
FN:472,(anonymous_17)
FN:503,(anonymous_18)
FN:515,(anonymous_19)
FN:549,(anonymous_20)
FN:560,(anonymous_21)
FNF:22
FNH:22
FNDA:24,(anonymous_0)
FNDA:24,(anonymous_1)
FNDA:3,(anonymous_2)
FNDA:72,(anonymous_3)
FNDA:20,(anonymous_4)
FNDA:14,(anonymous_5)
FNDA:781,(anonymous_6)
FNDA:2,(anonymous_7)
FNDA:5,(anonymous_8)
FNDA:45,(anonymous_9)
FNDA:733,(anonymous_10)
FNDA:1,(anonymous_11)
FNDA:26,(anonymous_12)
FNDA:4,(anonymous_13)
FNDA:2,(anonymous_14)
FNDA:1,(anonymous_15)
FNDA:1,(anonymous_16)
FNDA:22,(anonymous_17)
FNDA:13,(anonymous_18)
FNDA:1,(anonymous_19)
FNDA:3,(anonymous_20)
FNDA:5,(anonymous_21)
DA:8,24
DA:9,24
DA:19,24
DA:20,24
DA:23,24
DA:30,24
DA:75,3
DA:82,72
DA:83,2
DA:86,70
DA:89,70
DA:90,70
DA:91,70
DA:92,67
DA:94,65
DA:101,20
DA:103,20
DA:104,22
DA:105,22
DA:106,18
DA:108,18
DA:116,18
DA:117,65
DA:118,3
DA:123,3
DA:126,62
DA:127,13
DA:129,49
DA:132,781
DA:133,49
DA:134,35
DA:143,18
DA:146,4
DA:147,2
DA:156,2
DA:157,1
DA:162,2
DA:165,2
DA:171,0
DA:184,5
DA:185,5
DA:187,5
DA:188,0
DA:191,5
DA:200,5
DA:201,42
DA:202,42
DA:203,42
DA:204,42
DA:206,0
DA:210,0
DA:213,0
DA:217,0
DA:222,5
DA:224,5
DA:227,0
DA:241,45
DA:243,45
DA:244,733
DA:247,45
DA:255,43
DA:262,3
DA:264,1
DA:271,2
DA:272,1
DA:279,1
DA:291,26
DA:292,1
DA:299,4
DA:300,4
DA:302,4
DA:311,4
DA:312,3
DA:316,4
DA:317,2
DA:318,2
DA:320,2
DA:321,0
DA:326,4
DA:331,4
DA:332,3
DA:339,3
DA:342,4
DA:345,0
DA:359,2
DA:360,2
DA:367,2
DA:368,2
DA:369,2
DA:376,1
DA:379,1
DA:380,1
DA:382,0
DA:387,2
DA:390,0
DA:403,1
DA:404,1
DA:406,1
DA:410,1
DA:419,0
DA:431,1
DA:432,1
DA:435,1
DA:436,1
DA:437,0
DA:438,0
DA:439,0
DA:440,0
DA:444,1
DA:445,1
DA:446,0
DA:447,0
DA:451,1
DA:452,0
DA:454,1
DA:455,0
DA:457,1
DA:458,1
DA:460,1
DA:461,0
DA:463,1
DA:464,0
DA:467,1
DA:473,22
DA:476,22
DA:477,6
DA:478,6
DA:479,5
DA:484,17
DA:490,13
DA:493,13
DA:494,13
DA:500,13
DA:505,13
DA:506,13
DA:508,13
DA:516,1
DA:519,1
DA:522,1
DA:523,1
DA:527,1
DA:528,1
DA:532,1
DA:533,1
DA:537,1
DA:538,0
DA:542,1
DA:543,0
DA:546,1
DA:550,3
DA:553,2
DA:554,2
DA:555,2
DA:557,2
DA:561,5
DA:565,1
LF:156
LH:132
BRDA:7,0,0,0
BRDA:10,1,0,24
BRDA:10,1,1,24
BRDA:10,1,2,24
BRDA:11,2,0,24
BRDA:11,2,1,24
BRDA:11,2,2,24
BRDA:12,3,0,24
BRDA:12,3,1,24
BRDA:13,4,0,24
BRDA:13,4,1,24
BRDA:82,5,0,2
BRDA:82,5,1,70
BRDA:82,6,0,72
BRDA:82,6,1,70
BRDA:82,6,2,70
BRDA:89,7,0,0
BRDA:89,7,1,70
BRDA:90,8,0,0
BRDA:90,8,1,70
BRDA:91,9,0,3
BRDA:91,9,1,67
BRDA:91,10,0,70
BRDA:91,10,1,69
BRDA:92,11,0,2
BRDA:92,11,1,65
BRDA:92,12,0,67
BRDA:92,12,1,2
BRDA:100,13,0,19
BRDA:101,14,0,19
BRDA:117,15,0,3
BRDA:117,15,1,62
BRDA:126,16,0,13
BRDA:126,16,1,49
BRDA:133,17,0,35
BRDA:133,17,1,14
BRDA:146,18,0,2
BRDA:146,18,1,2
BRDA:156,19,0,1
BRDA:156,19,1,1
BRDA:156,20,0,2
BRDA:156,20,1,1
BRDA:157,21,0,1
BRDA:157,21,1,0
BRDA:157,22,0,1
BRDA:157,22,1,1
BRDA:183,23,0,5
BRDA:187,24,0,0
BRDA:187,24,1,5
BRDA:203,25,0,42
BRDA:203,25,1,0
BRDA:240,26,0,45
BRDA:243,27,0,45
BRDA:243,27,1,45
BRDA:243,27,2,13
BRDA:262,28,0,1
BRDA:262,28,1,2
BRDA:271,29,0,1
BRDA:271,29,1,1
BRDA:298,30,0,2
BRDA:316,31,0,2
BRDA:316,31,1,2
BRDA:316,32,0,4
BRDA:316,32,1,2
BRDA:320,33,0,0
BRDA:320,33,1,2
BRDA:328,34,0,2
BRDA:328,34,1,2
BRDA:331,35,0,3
BRDA:331,35,1,1
BRDA:379,36,0,1
BRDA:379,36,1,0
BRDA:430,37,0,1
BRDA:435,38,0,1
BRDA:435,38,1,0
BRDA:435,39,0,1
BRDA:435,39,1,0
BRDA:435,39,2,0
BRDA:437,40,0,0
BRDA:437,40,1,0
BRDA:437,41,0,0
BRDA:437,41,1,0
BRDA:437,41,2,0
BRDA:439,42,0,0
BRDA:439,42,1,0
BRDA:439,43,0,0
BRDA:439,43,1,0
BRDA:439,43,2,0
BRDA:444,44,0,1
BRDA:444,44,1,0
BRDA:444,45,0,1
BRDA:444,45,1,0
BRDA:444,45,2,0
BRDA:446,46,0,0
BRDA:446,46,1,0
BRDA:446,47,0,0
BRDA:446,47,1,0
BRDA:451,48,0,0
BRDA:451,48,1,1
BRDA:451,49,0,1
BRDA:451,49,1,1
BRDA:454,50,0,0
BRDA:454,50,1,1
BRDA:454,51,0,1
BRDA:454,51,1,1
BRDA:457,52,0,1
BRDA:457,52,1,0
BRDA:457,53,0,1
BRDA:457,53,1,0
BRDA:460,54,0,0
BRDA:460,54,1,1
BRDA:460,55,0,1
BRDA:460,55,1,1
BRDA:460,55,2,1
BRDA:463,56,0,0
BRDA:463,56,1,1
BRDA:463,57,0,1
BRDA:463,57,1,1
BRDA:463,57,2,1
BRDA:476,58,0,6
BRDA:476,58,1,16
BRDA:476,59,0,22
BRDA:476,59,1,22
BRDA:478,60,0,5
BRDA:478,60,1,1
BRDA:493,61,0,13
BRDA:493,61,1,0
BRDA:522,62,0,1
BRDA:522,62,1,0
BRDA:527,63,0,1
BRDA:527,63,1,0
BRDA:532,64,0,1
BRDA:532,64,1,0
BRDA:537,65,0,0
BRDA:537,65,1,1
BRDA:542,66,0,0
BRDA:542,66,1,1
BRDA:550,67,0,1
BRDA:550,67,1,2
BRF:139
BRH:99
end_of_record
TN:
SF:yolo-pro/src/index.js
FN:33,(anonymous_0)
FN:34,(anonymous_1)
FN:35,(anonymous_2)
FN:36,(anonymous_3)
FNF:4
FNH:0
FNDA:0,(anonymous_0)
FNDA:0,(anonymous_1)
FNDA:0,(anonymous_2)
FNDA:0,(anonymous_3)
DA:6,0
DA:7,0
DA:8,0
DA:9,0
DA:10,0
DA:12,0
DA:33,0
DA:34,0
DA:35,0
DA:36,0
LF:10
LH:0
BRDA:33,0,0,0
BRDA:34,1,0,0
BRDA:35,2,0,0
BRDA:36,3,0,0
BRF:4
BRH:0
end_of_record
TN:
SF:yolo-pro/src/pattern-library.js
FN:7,(anonymous_0)
FN:13,(anonymous_1)
FN:83,(anonymous_2)
FN:91,(anonymous_3)
FN:95,(anonymous_4)
FN:97,(anonymous_5)
FN:100,(anonymous_6)
FN:109,(anonymous_7)
FN:118,(anonymous_8)
FN:120,(anonymous_9)
FNF:10
FNH:0
FNDA:0,(anonymous_0)
FNDA:0,(anonymous_1)
FNDA:0,(anonymous_2)
FNDA:0,(anonymous_3)
FNDA:0,(anonymous_4)
FNDA:0,(anonymous_5)
FNDA:0,(anonymous_6)
FNDA:0,(anonymous_7)
FNDA:0,(anonymous_8)
FNDA:0,(anonymous_9)
DA:8,0
DA:9,0
DA:10,0
DA:15,0
DA:31,0
DA:48,0
DA:67,0
DA:84,0
DA:92,0
DA:96,0
DA:97,0
DA:101,0
DA:102,0
DA:103,0
DA:106,0
DA:109,0
DA:110,0
DA:111,0
DA:112,0
DA:115,0
DA:119,0
DA:120,0
DA:122,0
DA:123,0
DA:126,0
DA:130,0
LF:26
LH:0
BRDA:95,0,0,0
BRDA:97,1,0,0
BRDA:97,1,1,0
BRDA:100,2,0,0
BRDA:102,3,0,0
BRDA:102,3,1,0
BRDA:110,4,0,0
BRDA:110,4,1,0
BRDA:122,5,0,0
BRDA:122,5,1,0
BRF:10
BRH:0
end_of_record
TN:
SF:yolo-pro/src/principle-validator.js
FN:7,(anonymous_0)
FN:23,(anonymous_1)
FN:31,(anonymous_2)
FN:46,(anonymous_3)
FN:54,(anonymous_4)
FN:86,(anonymous_5)
FN:101,(anonymous_6)
FN:114,(anonymous_7)
FN:139,(anonymous_8)
FN:164,(anonymous_9)
FN:185,(anonymous_10)
FN:204,(anonymous_11)
FN:209,(anonymous_12)
FN:214,(anonymous_13)
FN:223,(anonymous_14)
FN:228,(anonymous_15)
FN:233,(anonymous_16)
FN:235,(anonymous_17)
FN:238,(anonymous_18)
FN:243,(anonymous_19)
FN:252,(anonymous_20)
FN:257,(anonymous_21)
FN:262,(anonymous_22)
FN:267,(anonymous_23)
FN:278,(anonymous_24)
FN:280,(anonymous_25)
FN:281,(anonymous_26)
FN:284,(anonymous_27)
FNF:28
FNH:0
FNDA:0,(anonymous_0)
FNDA:0,(anonymous_1)
FNDA:0,(anonymous_2)
FNDA:0,(anonymous_3)
FNDA:0,(anonymous_4)
FNDA:0,(anonymous_5)
FNDA:0,(anonymous_6)
FNDA:0,(anonymous_7)
FNDA:0,(anonymous_8)
FNDA:0,(anonymous_9)
FNDA:0,(anonymous_10)
FNDA:0,(anonymous_11)
FNDA:0,(anonymous_12)
FNDA:0,(anonymous_13)
FNDA:0,(anonymous_14)
FNDA:0,(anonymous_15)
FNDA:0,(anonymous_16)
FNDA:0,(anonymous_17)
FNDA:0,(anonymous_18)
FNDA:0,(anonymous_19)
FNDA:0,(anonymous_20)
FNDA:0,(anonymous_21)
FNDA:0,(anonymous_22)
FNDA:0,(anonymous_23)
FNDA:0,(anonymous_24)
FNDA:0,(anonymous_25)
FNDA:0,(anonymous_26)
FNDA:0,(anonymous_27)
DA:8,0
DA:16,0
DA:17,0
DA:24,0
DA:25,0
DA:31,0
DA:32,0
DA:33,0
DA:39,0
DA:40,0
DA:41,0
DA:45,0
DA:46,0
DA:48,0
DA:55,0
DA:56,0
DA:64,0
DA:65,0
DA:66,0
DA:70,0
DA:71,0
DA:75,0
DA:76,0
DA:77,0
DA:80,0
DA:87,0
DA:95,0
DA:96,0
DA:97,0
DA:101,0
DA:102,0
DA:103,0
DA:104,0
DA:108,0
DA:115,0
DA:116,0
DA:123,0
DA:124,0
DA:125,0
DA:128,0
DA:129,0
DA:130,0
DA:133,0
DA:140,0
DA:148,0
DA:149,0
DA:153,0
DA:154,0
DA:155,0
DA:158,0
DA:165,0
DA:166,0
DA:175,0
DA:176,0
DA:179,0
DA:186,0
DA:200,0
DA:206,0
DA:211,0
DA:216,0
DA:225,0
DA:230,0
DA:235,0
DA:240,0
DA:245,0
DA:254,0
DA:259,0
DA:264,0
DA:269,0
DA:280,0
DA:281,0
DA:286,0
DA:288,0
DA:289,0
DA:292,0
DA:293,0
DA:296,0
DA:300,0
LF:78
LH:0
BRDA:7,0,0,0
BRDA:9,1,0,0
BRDA:9,1,1,0
BRDA:39,2,0,0
BRDA:39,2,1,0
BRDA:39,3,0,0
BRDA:39,3,1,0
BRDA:64,4,0,0
BRDA:64,4,1,0
BRDA:64,5,0,0
BRDA:64,5,1,0
BRDA:70,6,0,0
BRDA:70,6,1,0
BRDA:70,7,0,0
BRDA:70,7,1,0
BRDA:76,8,0,0
BRDA:76,8,1,0
BRDA:95,9,0,0
BRDA:95,9,1,0
BRDA:102,10,0,0
BRDA:102,10,1,0
BRDA:123,11,0,0
BRDA:123,11,1,0
BRDA:123,12,0,0
BRDA:123,12,1,0
BRDA:128,13,0,0
BRDA:128,13,1,0
BRDA:128,14,0,0
BRDA:128,14,1,0
BRDA:148,15,0,0
BRDA:148,15,1,0
BRDA:153,16,0,0
BRDA:153,16,1,0
BRDA:175,17,0,0
BRDA:175,17,1,0
BRDA:175,18,0,0
BRDA:175,18,1,0
BRDA:280,19,0,0
BRDA:280,19,1,0
BRDA:288,20,0,0
BRDA:288,20,1,0
BRDA:292,21,0,0
BRDA:292,21,1,0
BRF:43
BRH:0
end_of_record
TN:
SF:yolo-pro/src/test-mocks.js
FN:22,(anonymous_0)
FN:26,(anonymous_1)
FN:30,(anonymous_2)
FN:34,(anonymous_3)
FN:38,(anonymous_4)
FN:42,(anonymous_5)
FN:46,(anonymous_6)
FN:50,(anonymous_7)
FN:55,(anonymous_8)
FN:65,(anonymous_9)
FN:69,(anonymous_10)
FN:73,(anonymous_11)
FN:86,(anonymous_12)
FN:90,(anonymous_13)
FN:96,(anonymous_14)
FN:112,(anonymous_15)
FN:116,(anonymous_16)
FN:120,(anonymous_17)
FN:126,(anonymous_18)
FN:130,(anonymous_19)
FN:134,(anonymous_20)
FN:140,(anonymous_21)
FN:144,(anonymous_22)
FN:148,(anonymous_23)
FN:155,(anonymous_24)
FN:159,(anonymous_25)
FN:170,(anonymous_26)
FN:174,(anonymous_27)
FN:178,(anonymous_28)
FN:182,(anonymous_29)
FN:186,(anonymous_30)
FN:195,(anonymous_31)
FN:199,(anonymous_32)
FN:203,(anonymous_33)
FN:213,(anonymous_34)
FN:223,(anonymous_35)
FN:230,(anonymous_36)
FN:236,(anonymous_37)
FN:244,(anonymous_38)
FN:254,(anonymous_39)
FN:258,(anonymous_40)
FNF:41
FNH:0
FNDA:0,(anonymous_0)
FNDA:0,(anonymous_1)
FNDA:0,(anonymous_2)
FNDA:0,(anonymous_3)
FNDA:0,(anonymous_4)
FNDA:0,(anonymous_5)
FNDA:0,(anonymous_6)
FNDA:0,(anonymous_7)
FNDA:0,(anonymous_8)
FNDA:0,(anonymous_9)
FNDA:0,(anonymous_10)
FNDA:0,(anonymous_11)
FNDA:0,(anonymous_12)
FNDA:0,(anonymous_13)
FNDA:0,(anonymous_14)
FNDA:0,(anonymous_15)
FNDA:0,(anonymous_16)
FNDA:0,(anonymous_17)
FNDA:0,(anonymous_18)
FNDA:0,(anonymous_19)
FNDA:0,(anonymous_20)
FNDA:0,(anonymous_21)
FNDA:0,(anonymous_22)
FNDA:0,(anonymous_23)
FNDA:0,(anonymous_24)
FNDA:0,(anonymous_25)
FNDA:0,(anonymous_26)
FNDA:0,(anonymous_27)
FNDA:0,(anonymous_28)
FNDA:0,(anonymous_29)
FNDA:0,(anonymous_30)
FNDA:0,(anonymous_31)
FNDA:0,(anonymous_32)
FNDA:0,(anonymous_33)
FNDA:0,(anonymous_34)
FNDA:0,(anonymous_35)
FNDA:0,(anonymous_36)
FNDA:0,(anonymous_37)
FNDA:0,(anonymous_38)
FNDA:0,(anonymous_39)
FNDA:0,(anonymous_40)
DA:6,0
DA:7,0
DA:8,0
DA:9,0
DA:12,0
DA:13,0
DA:14,0
DA:15,0
DA:16,0
DA:21,0
DA:23,0
DA:27,0
DA:31,0
DA:35,0
DA:39,0
DA:43,0
DA:47,0
DA:51,0
DA:56,0
DA:57,0
DA:66,0
DA:70,0
DA:74,0
DA:75,0
DA:87,0
DA:92,0
DA:93,0
DA:97,0
DA:110,0
DA:113,0
DA:117,0
DA:121,0
DA:127,0
DA:131,0
DA:135,0
DA:141,0
DA:145,0
DA:149,0
DA:156,0
DA:160,0
DA:169,0
DA:171,0
DA:175,0
DA:179,0
DA:183,0
DA:187,0
DA:194,0
DA:196,0
DA:200,0
DA:204,0
DA:211,0
DA:214,0
DA:224,0
DA:231,0
DA:237,0
DA:245,0
DA:255,0
DA:259,0
DA:264,0
LF:59
LH:0
BRDA:22,0,0,0
BRDA:26,1,0,0
BRDA:34,2,0,0
BRDA:46,3,0,0
BRDA:60,4,0,0
BRDA:60,4,1,0
BRDA:77,5,0,0
BRDA:77,5,1,0
BRDA:81,6,0,0
BRDA:81,6,1,0
BRDA:82,7,0,0
BRDA:82,7,1,0
BRDA:170,8,0,0
BRDA:216,9,0,0
BRDA:216,9,1,0
BRDA:217,10,0,0
BRDA:217,10,1,0
BRDA:226,11,0,0
BRDA:226,11,1,0
BRDA:231,12,0,0
BRDA:231,12,1,0
BRDA:236,13,0,0
BRDA:240,14,0,0
BRDA:240,14,1,0
BRDA:244,15,0,0
BRDA:248,16,0,0
BRDA:248,16,1,0
BRF:27
BRH:0
end_of_record
TN:
SF:yolo-pro/src/cli/cli-framework.js
FN:11,(anonymous_0)
FN:35,(anonymous_1)
FN:62,(anonymous_2)
FN:133,(anonymous_3)
FN:190,(anonymous_4)
FN:208,(anonymous_5)
FN:215,(anonymous_6)
FN:245,(anonymous_7)
FN:272,(anonymous_8)
FN:277,(anonymous_9)
FN:296,(anonymous_10)
FN:302,(anonymous_11)
FN:304,(anonymous_12)
FN:311,(anonymous_13)
FN:322,(anonymous_14)
FN:339,(anonymous_15)
FN:357,(anonymous_16)
FN:367,(anonymous_17)
FN:422,(anonymous_18)
FN:428,(anonymous_19)
FN:439,(anonymous_20)
FN:446,(anonymous_21)
FN:454,(anonymous_22)
FN:461,(anonymous_23)
FN:485,(anonymous_24)
FN:522,(anonymous_25)
FN:552,(anonymous_26)
FN:573,(anonymous_27)
FN:577,(anonymous_28)
FN:615,(anonymous_29)
FN:624,(anonymous_30)
FN:637,(anonymous_31)
FN:644,(anonymous_32)
FN:649,(anonymous_33)
FN:654,(anonymous_34)
FN:658,(anonymous_35)
FN:679,(anonymous_36)
FN:686,(anonymous_37)
FNF:38
FNH:30
FNDA:33,(anonymous_0)
FNDA:33,(anonymous_1)
FNDA:5,(anonymous_2)
FNDA:2,(anonymous_3)
FNDA:171,(anonymous_4)
FNDA:3,(anonymous_5)
FNDA:2,(anonymous_6)
FNDA:3,(anonymous_7)
FNDA:1,(anonymous_8)
FNDA:1,(anonymous_9)
FNDA:1,(anonymous_10)
FNDA:2,(anonymous_11)
FNDA:5,(anonymous_12)
FNDA:2,(anonymous_13)
FNDA:2,(anonymous_14)
FNDA:1,(anonymous_15)
FNDA:0,(anonymous_16)
FNDA:2,(anonymous_17)
FNDA:1,(anonymous_18)
FNDA:3,(anonymous_19)
FNDA:1,(anonymous_20)
FNDA:1,(anonymous_21)
FNDA:1,(anonymous_22)
FNDA:1,(anonymous_23)
FNDA:1,(anonymous_24)
FNDA:2,(anonymous_25)
FNDA:33,(anonymous_26)
FNDA:33,(anonymous_27)
FNDA:0,(anonymous_28)
FNDA:0,(anonymous_29)
FNDA:0,(anonymous_30)
FNDA:0,(anonymous_31)
FNDA:33,(anonymous_32)
FNDA:171,(anonymous_33)
FNDA:0,(anonymous_34)
FNDA:5,(anonymous_35)
FNDA:0,(anonymous_36)
FNDA:0,(anonymous_37)
DA:6,1
DA:7,1
DA:8,1
DA:12,33
DA:14,33
DA:21,33
DA:22,33
DA:23,33
DA:24,33
DA:27,33
DA:29,33
DA:36,33
DA:38,33
DA:40,33
DA:43,33
DA:46,33
DA:47,0
DA:50,33
DA:51,33
DA:54,0
DA:55,0
DA:63,5
DA:64,0
DA:71,5
DA:81,5
DA:84,5
DA:85,2
DA:86,2
DA:90,5
DA:91,4
DA:93,4
DA:95,3
DA:96,3
DA:97,3
DA:98,3
DA:100,0
DA:101,0
DA:103,1
DA:105,0
DA:106,0
DA:107,0
DA:108,0
DA:110,0
DA:111,0
DA:115,1
DA:116,1
DA:121,5
DA:122,1
DA:123,1
DA:124,1
DA:127,5
DA:134,2
DA:135,2
DA:137,2
DA:138,1
DA:146,1
DA:147,1
DA:148,0
DA:156,1
DA:166,1
DA:168,1
DA:175,1
DA:178,0
DA:179,0
DA:191,171
DA:192,0
DA:195,171
DA:196,0
DA:199,171
DA:200,171
DA:202,171
DA:209,3
DA:216,2
DA:217,0
DA:220,2
DA:221,2
DA:224,2
DA:225,10
DA:226,1
DA:231,2
DA:232,1
DA:233,5
DA:234,0
DA:239,2
DA:246,3
DA:247,0
DA:250,3
DA:251,3
DA:252,0
DA:258,3
DA:273,1
DA:274,1
DA:276,1
DA:277,1
DA:278,1
DA:279,1
DA:290,0
DA:297,1
DA:299,1
DA:302,2
DA:304,5
DA:312,2
DA:314,2
DA:323,2
DA:324,2
DA:326,2
DA:334,2
DA:335,0
DA:340,1
DA:341,1
DA:343,1
DA:354,2
DA:357,2
DA:358,0
DA:361,2
DA:368,2
DA:374,2
DA:375,1
DA:376,1
DA:377,1
DA:382,1
DA:383,0
DA:384,0
DA:385,0
DA:390,1
DA:391,1
DA:392,1
DA:393,1
DA:398,0
DA:399,0
DA:400,0
DA:401,0
DA:406,0
DA:407,0
DA:408,0
DA:409,0
DA:416,2
DA:423,1
DA:424,1
DA:426,1
DA:427,1
DA:428,1
DA:429,3
DA:433,1
DA:440,1
DA:447,1
DA:448,1
DA:455,1
DA:462,1
DA:468,1
DA:469,1
DA:470,1
DA:474,1
DA:475,1
DA:476,1
DA:479,1
DA:486,1
DA:487,1
DA:488,1
DA:489,0
DA:491,0
DA:492,0
DA:493,0
DA:494,0
DA:496,0
DA:497,0
DA:499,0
DA:500,0
DA:508,0
DA:512,0
DA:515,1
DA:523,2
DA:524,2
DA:525,1
DA:532,1
DA:533,1
DA:536,1
DA:538,1
DA:543,0
DA:553,33
DA:554,33
DA:555,33
DA:556,0
DA:559,33
DA:575,33
DA:578,0
DA:582,0
DA:590,33
DA:591,33
DA:592,33
DA:596,33
DA:598,33
DA:599,33
DA:603,33
DA:605,33
DA:606,33
DA:610,33
DA:613,33
DA:615,0
DA:620,0
DA:625,0
DA:627,0
DA:628,0
DA:629,0
DA:630,0
DA:632,0
DA:638,0
DA:646,33
DA:655,0
DA:660,5
DA:661,5
DA:663,5
DA:664,5
DA:666,5
DA:667,5
DA:669,5
DA:670,31
DA:671,3
DA:673,31
DA:676,5
DA:680,0
DA:682,0
DA:686,0
DA:700,1
LF:224
LH:161
BRDA:11,0,0,0
BRDA:15,1,0,33
BRDA:15,1,1,33
BRDA:16,2,0,33
BRDA:16,2,1,33
BRDA:36,3,0,0
BRDA:36,3,1,33
BRDA:46,4,0,0
BRDA:46,4,1,33
BRDA:63,5,0,0
BRDA:63,5,1,5
BRDA:63,6,0,5
BRDA:63,6,1,5
BRDA:84,7,0,2
BRDA:84,7,1,3
BRDA:84,8,0,5
BRDA:84,8,1,3
BRDA:93,9,0,3
BRDA:93,9,1,1
BRDA:96,10,0,3
BRDA:96,10,1,0
BRDA:96,11,0,3
BRDA:96,11,1,3
BRDA:103,12,0,0
BRDA:103,12,1,1
BRDA:106,13,0,0
BRDA:106,13,1,0
BRDA:106,14,0,0
BRDA:106,14,1,0
BRDA:121,15,0,1
BRDA:121,15,1,4
BRDA:137,16,0,1
BRDA:137,16,1,1
BRDA:147,17,0,0
BRDA:147,17,1,1
BRDA:191,18,0,0
BRDA:191,18,1,171
BRDA:191,19,0,171
BRDA:191,19,1,171
BRDA:195,20,0,0
BRDA:195,20,1,171
BRDA:195,21,0,171
BRDA:195,21,1,171
BRDA:216,22,0,0
BRDA:216,22,1,2
BRDA:216,23,0,2
BRDA:216,23,1,2
BRDA:225,24,0,1
BRDA:225,24,1,9
BRDA:231,25,0,1
BRDA:231,25,1,1
BRDA:233,26,0,0
BRDA:233,26,1,5
BRDA:246,27,0,0
BRDA:246,27,1,3
BRDA:251,28,0,0
BRDA:251,28,1,3
BRDA:260,29,0,3
BRDA:260,29,1,0
BRDA:261,30,0,3
BRDA:261,30,1,3
BRDA:262,31,0,3
BRDA:262,31,1,0
BRDA:263,32,0,3
BRDA:263,32,1,3
BRDA:264,33,0,3
BRDA:264,33,1,2
BRDA:265,34,0,3
BRDA:265,34,1,2
BRDA:276,35,0,1
BRDA:276,35,1,0
BRDA:276,36,0,1
BRDA:276,36,1,1
BRDA:278,37,0,1
BRDA:278,37,1,0
BRDA:284,38,0,1
BRDA:284,38,1,0
BRDA:285,39,0,1
BRDA:285,39,1,1
BRDA:302,40,0,1
BRDA:302,40,1,0
BRDA:303,41,0,1
BRDA:303,41,1,0
BRDA:311,42,0,0
BRDA:317,43,0,2
BRDA:317,43,1,0
BRDA:318,44,0,2
BRDA:318,44,1,1
BRDA:322,45,0,2
BRDA:334,46,0,0
BRDA:334,46,1,2
BRDA:374,47,0,1
BRDA:374,47,1,1
BRDA:374,48,0,2
BRDA:374,48,1,1
BRDA:382,49,0,0
BRDA:382,49,1,1
BRDA:382,50,0,1
BRDA:382,50,1,1
BRDA:390,51,0,1
BRDA:390,51,1,0
BRDA:398,52,0,0
BRDA:398,52,1,0
BRDA:406,53,0,0
BRDA:406,53,1,0
BRDA:426,54,0,1
BRDA:426,54,1,0
BRDA:468,55,0,1
BRDA:468,55,1,0
BRDA:468,56,0,1
BRDA:468,56,1,1
BRDA:474,57,0,1
BRDA:474,57,1,0
BRDA:474,58,0,1
BRDA:474,58,1,1
BRDA:474,58,2,0
BRDA:499,59,0,0
BRDA:499,59,1,0
BRDA:524,60,0,1
BRDA:524,60,1,1
BRDA:524,61,0,2
BRDA:524,61,1,2
BRDA:578,62,0,0
BRDA:578,62,1,0
BRDA:638,63,0,0
BRDA:638,63,1,0
BRDA:638,63,2,0
BRDA:638,63,3,0
BRDA:663,64,0,0
BRDA:663,64,1,5
BRDA:664,65,0,0
BRDA:664,65,1,5
BRDA:669,66,0,36
BRDA:669,66,1,36
BRDA:670,67,0,3
BRDA:670,67,1,28
BRDA:688,68,0,0
BRDA:688,68,1,0
BRF:138
BRH:89
end_of_record
TN:
SF:yolo-pro/src/cli/git-automation.js
FN:10,(anonymous_0)
FN:20,(anonymous_1)
FN:47,(anonymous_2)
FN:65,(anonymous_3)
FN:77,(anonymous_4)
FN:82,(anonymous_5)
FN:87,(anonymous_6)
FN:101,(anonymous_7)
FN:142,(anonymous_8)
FN:156,(anonymous_9)
FN:177,(anonymous_10)
FN:191,(anonymous_11)
FN:219,(anonymous_12)
FN:241,(anonymous_13)
FN:271,(anonymous_14)
FN:304,(anonymous_15)
FN:324,(anonymous_16)
FN:331,(anonymous_17)
FN:345,(anonymous_18)
FN:357,(anonymous_19)
FN:360,(anonymous_20)
FN:369,(anonymous_21)
FN:382,(anonymous_22)
FN:400,(anonymous_23)
FN:434,(anonymous_24)
FN:465,(anonymous_25)
FN:469,(anonymous_26)
FN:482,(anonymous_27)
FN:489,(anonymous_28)
FNF:29
FNH:0
FNDA:0,(anonymous_0)
FNDA:0,(anonymous_1)
FNDA:0,(anonymous_2)
FNDA:0,(anonymous_3)
FNDA:0,(anonymous_4)
FNDA:0,(anonymous_5)
FNDA:0,(anonymous_6)
FNDA:0,(anonymous_7)
FNDA:0,(anonymous_8)
FNDA:0,(anonymous_9)
FNDA:0,(anonymous_10)
FNDA:0,(anonymous_11)
FNDA:0,(anonymous_12)
FNDA:0,(anonymous_13)
FNDA:0,(anonymous_14)
FNDA:0,(anonymous_15)
FNDA:0,(anonymous_16)
FNDA:0,(anonymous_17)
FNDA:0,(anonymous_18)
FNDA:0,(anonymous_19)
FNDA:0,(anonymous_20)
FNDA:0,(anonymous_21)
FNDA:0,(anonymous_22)
FNDA:0,(anonymous_23)
FNDA:0,(anonymous_24)
FNDA:0,(anonymous_25)
FNDA:0,(anonymous_26)
FNDA:0,(anonymous_27)
FNDA:0,(anonymous_28)
DA:1,1
DA:2,1
DA:4,1
DA:11,0
DA:12,0
DA:13,0
DA:14,0
DA:21,0
DA:23,0
DA:25,0
DA:26,0
DA:27,0
DA:30,0
DA:31,0
DA:36,0
DA:37,0
DA:39,0
DA:40,0
DA:48,0
DA:49,0
DA:50,0
DA:53,0
DA:54,0
DA:55,0
DA:57,0
DA:66,0
DA:67,0
DA:68,0
DA:70,0
DA:78,0
DA:79,0
DA:80,0
DA:82,0
DA:84,0
DA:87,0
DA:94,0
DA:102,0
DA:104,0
DA:105,0
DA:108,0
DA:114,0
DA:118,0
DA:121,0
DA:122,0
DA:123,0
DA:124,0
DA:125,0
DA:130,0
DA:132,0
DA:133,0
DA:135,0
DA:143,0
DA:144,0
DA:145,0
DA:146,0
DA:147,0
DA:149,0
DA:157,0
DA:158,0
DA:159,0
DA:161,0
DA:162,0
DA:163,0
DA:166,0
DA:167,0
DA:168,0
DA:170,0
DA:178,0
DA:179,0
DA:180,0
DA:181,0
DA:182,0
DA:184,0
DA:192,0
DA:194,0
DA:195,0
DA:196,0
DA:197,0
DA:201,0
DA:202,0
DA:206,0
DA:207,0
DA:209,0
DA:210,0
DA:212,0
DA:220,0
DA:221,0
DA:223,0
DA:224,0
DA:225,0
DA:228,0
DA:229,0
DA:231,0
DA:232,0
DA:234,0
DA:242,0
DA:243,0
DA:245,0
DA:248,0
DA:251,0
DA:254,0
DA:256,0
DA:257,0
DA:260,0
DA:261,0
DA:262,0
DA:264,0
DA:272,0
DA:273,0
DA:276,0
DA:277,0
DA:278,0
DA:282,0
DA:283,0
DA:286,0
DA:287,0
DA:288,0
DA:289,0
DA:291,0
DA:295,0
DA:297,0
DA:305,0
DA:306,0
DA:308,0
DA:309,0
DA:311,0
DA:312,0
DA:314,0
DA:315,0
DA:317,0
DA:325,0
DA:326,0
DA:327,0
DA:329,0
DA:331,0
DA:332,0
DA:333,0
DA:336,0
DA:338,0
DA:346,0
DA:347,0
DA:348,0
DA:350,0
DA:358,0
DA:359,0
DA:360,0
DA:362,0
DA:370,0
DA:371,0
DA:372,0
DA:373,0
DA:375,0
DA:383,0
DA:384,0
DA:385,0
DA:387,0
DA:388,0
DA:390,0
DA:391,0
DA:393,0
DA:401,0
DA:403,0
DA:406,0
DA:407,0
DA:408,0
DA:410,0
DA:411,0
DA:415,0
DA:416,0
DA:418,0
DA:421,0
DA:427,0
DA:435,0
DA:442,0
DA:445,0
DA:446,0
DA:450,0
DA:459,0
DA:466,0
DA:468,0
DA:469,0
DA:472,0
DA:473,0
DA:476,0
DA:483,0
DA:490,0
DA:491,0
DA:495,1
LF:188
LH:4
BRDA:10,0,0,0
BRDA:10,1,0,0
BRDA:10,2,0,0
BRDA:10,3,0,0
BRDA:20,4,0,0
BRDA:25,5,0,0
BRDA:25,5,1,0
BRDA:101,6,0,0
BRDA:114,7,0,0
BRDA:114,7,1,0
BRDA:156,8,0,0
BRDA:158,9,0,0
BRDA:158,9,1,0
BRDA:166,10,0,0
BRDA:166,10,1,0
BRDA:191,11,0,0
BRDA:195,12,0,0
BRDA:195,12,1,0
BRDA:201,13,0,0
BRDA:201,13,1,0
BRDA:219,14,0,0
BRDA:219,15,0,0
BRDA:221,16,0,0
BRDA:221,16,1,0
BRDA:224,17,0,0
BRDA:224,17,1,0
BRDA:241,18,0,0
BRDA:243,19,0,0
BRDA:243,19,1,0
BRDA:260,20,0,0
BRDA:260,20,1,0
BRDA:271,21,0,0
BRDA:277,22,0,0
BRDA:277,22,1,0
BRDA:286,23,0,0
BRDA:286,23,1,0
BRDA:304,24,0,0
BRDA:306,25,0,0
BRDA:306,25,1,0
BRDA:324,26,0,0
BRDA:324,27,0,0
BRDA:326,28,0,0
BRDA:326,28,1,0
BRDA:382,29,0,0
BRDA:410,30,0,0
BRDA:410,30,1,0
BRDA:410,31,0,0
BRDA:410,31,1,0
BRDA:424,32,0,0
BRDA:424,32,1,0
BRDA:434,33,0,0
BRDA:445,34,0,0
BRDA:445,34,1,0
BRDA:459,35,0,0
BRDA:459,35,1,0
BRDA:465,36,0,0
BRDA:465,37,0,0
BRDA:468,38,0,0
BRDA:468,38,1,0
BRDA:472,39,0,0
BRDA:472,39,1,0
BRDA:489,40,0,0
BRDA:491,41,0,0
BRDA:491,41,1,0
BRF:64
BRH:0
end_of_record
TN:
SF:yolo-pro/src/cli/github-client.js
FN:11,(anonymous_0)
FN:23,(anonymous_1)
FN:30,(anonymous_2)
FN:43,(anonymous_3)
FN:63,(anonymous_4)
FN:75,(anonymous_5)
FN:84,(anonymous_6)
FN:105,(anonymous_7)
FN:124,(anonymous_8)
FN:144,(anonymous_9)
FN:163,(anonymous_10)
FN:186,(anonymous_11)
FN:214,(anonymous_12)
FN:234,(anonymous_13)
FN:252,(anonymous_14)
FN:268,(anonymous_15)
FN:302,(anonymous_16)
FN:317,(anonymous_17)
FN:369,(anonymous_18)
FN:382,(anonymous_19)
FN:395,(anonymous_20)
FN:402,(anonymous_21)
FN:404,(anonymous_22)
FN:405,(anonymous_23)
FN:413,(anonymous_24)
FN:423,(anonymous_25)
FN:431,(anonymous_26)
FN:432,(anonymous_27)
FNF:28
FNH:0
FNDA:0,(anonymous_0)
FNDA:0,(anonymous_1)
FNDA:0,(anonymous_2)
FNDA:0,(anonymous_3)
FNDA:0,(anonymous_4)
FNDA:0,(anonymous_5)
FNDA:0,(anonymous_6)
FNDA:0,(anonymous_7)
FNDA:0,(anonymous_8)
FNDA:0,(anonymous_9)
FNDA:0,(anonymous_10)
FNDA:0,(anonymous_11)
FNDA:0,(anonymous_12)
FNDA:0,(anonymous_13)
FNDA:0,(anonymous_14)
FNDA:0,(anonymous_15)
FNDA:0,(anonymous_16)
FNDA:0,(anonymous_17)
FNDA:0,(anonymous_18)
FNDA:0,(anonymous_19)
FNDA:0,(anonymous_20)
FNDA:0,(anonymous_21)
FNDA:0,(anonymous_22)
FNDA:0,(anonymous_23)
FNDA:0,(anonymous_24)
FNDA:0,(anonymous_25)
FNDA:0,(anonymous_26)
FNDA:0,(anonymous_27)
DA:1,1
DA:2,1
DA:3,1
DA:5,1
DA:12,0
DA:13,0
DA:16,0
DA:17,0
DA:18,0
DA:20,0
DA:24,0
DA:25,0
DA:26,0
DA:27,0
DA:31,0
DA:44,0
DA:45,0
DA:51,0
DA:53,0
DA:54,0
DA:56,0
DA:64,0
DA:65,0
DA:75,0
DA:77,0
DA:85,0
DA:86,0
DA:93,0
DA:95,0
DA:96,0
DA:98,0
DA:106,0
DA:107,0
DA:114,0
DA:116,0
DA:117,0
DA:125,0
DA:126,0
DA:127,0
DA:134,0
DA:136,0
DA:137,0
DA:145,0
DA:146,0
DA:153,0
DA:155,0
DA:156,0
DA:164,0
DA:166,0
DA:167,0
DA:170,0
DA:177,0
DA:179,0
DA:187,0
DA:188,0
DA:198,0
DA:200,0
DA:202,0
DA:203,0
DA:204,0
DA:207,0
DA:215,0
DA:216,0
DA:224,0
DA:226,0
DA:227,0
DA:235,0
DA:236,0
DA:243,0
DA:245,0
DA:253,0
DA:254,0
DA:259,0
DA:261,0
DA:269,0
DA:271,0
DA:274,0
DA:275,0
DA:284,0
DA:290,0
DA:292,0
DA:295,0
DA:303,0
DA:304,0
DA:307,0
DA:308,0
DA:311,0
DA:318,0
DA:319,0
DA:322,0
DA:331,0
DA:332,0
DA:336,0
DA:337,0
DA:338,0
DA:339,0
DA:342,0
DA:347,0
DA:348,0
DA:349,0
DA:355,0
DA:356,0
DA:358,0
DA:370,0
DA:376,0
DA:383,0
DA:389,0
DA:396,0
DA:397,0
DA:399,0
DA:400,0
DA:402,0
DA:403,0
DA:404,0
DA:405,0
DA:408,0
DA:409,0
DA:412,0
DA:413,0
DA:417,0
DA:424,0
DA:425,0
DA:426,0
DA:428,0
DA:431,0
DA:432,0
DA:443,0
DA:444,0
DA:445,0
DA:446,0
DA:448,0
DA:449,0
DA:450,0
DA:454,0
DA:456,0
DA:461,1
LF:136
LH:5
BRDA:12,0,0,0
BRDA:12,0,1,0
BRDA:12,1,0,0
BRDA:12,1,1,0
BRDA:12,1,2,0
BRDA:25,2,0,0
BRDA:25,2,1,0
BRDA:53,3,0,0
BRDA:53,3,1,0
BRDA:63,4,0,0
BRDA:95,5,0,0
BRDA:95,5,1,0
BRDA:163,6,0,0
BRDA:166,7,0,0
BRDA:166,7,1,0
BRDA:186,8,0,0
BRDA:186,9,0,0
BRDA:200,10,0,0
BRDA:200,10,1,0
BRDA:203,11,0,0
BRDA:203,11,1,0
BRDA:214,12,0,0
BRDA:224,13,0,0
BRDA:224,13,1,0
BRDA:307,14,0,0
BRDA:307,14,1,0
BRDA:332,15,0,0
BRDA:332,15,1,0
BRDA:336,16,0,0
BRDA:336,16,1,0
BRDA:338,17,0,0
BRDA:338,17,1,0
BRDA:339,18,0,0
BRDA:339,18,1,0
BRDA:348,19,0,0
BRDA:348,19,1,0
BRDA:355,20,0,0
BRDA:355,20,1,0
BRDA:356,21,0,0
BRDA:356,21,1,0
BRDA:376,22,0,0
BRDA:376,22,1,0
BRDA:389,23,0,0
BRDA:389,23,1,0
BRDA:412,24,0,0
BRDA:412,24,1,0
BRDA:449,25,0,0
BRDA:449,25,1,0
BRF:48
BRH:0
end_of_record
TN:
SF:yolo-pro/src/cli/swarm-manager.js
FN:5,(anonymous_0)
FN:15,(anonymous_1)
FN:60,(anonymous_2)
FN:101,(anonymous_3)
FN:156,(anonymous_4)
FN:169,(anonymous_5)
FN:171,(anonymous_6)
FN:172,(anonymous_7)
FN:173,(anonymous_8)
FN:195,(anonymous_9)
FN:228,(anonymous_10)
FN:272,(anonymous_11)
FN:286,(anonymous_12)
FN:295,(anonymous_13)
FN:299,(anonymous_14)
FN:316,(anonymous_15)
FN:370,(anonymous_16)
FN:386,(anonymous_17)
FN:390,(anonymous_18)
FN:397,(anonymous_19)
FN:398,(anonymous_20)
FN:401,(anonymous_21)
FN:411,(anonymous_22)
FN:418,(anonymous_23)
FN:419,(anonymous_24)
FN:420,(anonymous_25)
FN:431,(anonymous_26)
FN:432,(anonymous_27)
FN:438,(anonymous_28)
FN:469,(anonymous_29)
FN:473,(anonymous_30)
FN:486,(anonymous_31)
FN:493,(anonymous_32)
FN:494,(anonymous_33)
FNF:34
FNH:0
FNDA:0,(anonymous_0)
FNDA:0,(anonymous_1)
FNDA:0,(anonymous_2)
FNDA:0,(anonymous_3)
FNDA:0,(anonymous_4)
FNDA:0,(anonymous_5)
FNDA:0,(anonymous_6)
FNDA:0,(anonymous_7)
FNDA:0,(anonymous_8)
FNDA:0,(anonymous_9)
FNDA:0,(anonymous_10)
FNDA:0,(anonymous_11)
FNDA:0,(anonymous_12)
FNDA:0,(anonymous_13)
FNDA:0,(anonymous_14)
FNDA:0,(anonymous_15)
FNDA:0,(anonymous_16)
FNDA:0,(anonymous_17)
FNDA:0,(anonymous_18)
FNDA:0,(anonymous_19)
FNDA:0,(anonymous_20)
FNDA:0,(anonymous_21)
FNDA:0,(anonymous_22)
FNDA:0,(anonymous_23)
FNDA:0,(anonymous_24)
FNDA:0,(anonymous_25)
FNDA:0,(anonymous_26)
FNDA:0,(anonymous_27)
FNDA:0,(anonymous_28)
FNDA:0,(anonymous_29)
FNDA:0,(anonymous_30)
FNDA:0,(anonymous_31)
FNDA:0,(anonymous_32)
FNDA:0,(anonymous_33)
DA:6,0
DA:7,0
DA:8,0
DA:9,0
DA:21,0
DA:22,0
DA:28,0
DA:31,0
DA:33,0
DA:42,0
DA:44,0
DA:46,0
DA:52,0
DA:53,0
DA:61,0
DA:62,0
DA:63,0
DA:64,0
DA:67,0
DA:69,0
DA:70,0
DA:72,0
DA:79,0
DA:80,0
DA:89,0
DA:91,0
DA:93,0
DA:94,0
DA:102,0
DA:103,0
DA:104,0
DA:105,0
DA:108,0
DA:110,0
DA:112,0
DA:121,0
DA:130,0
DA:133,0
DA:134,0
DA:135,0
DA:136,0
DA:138,0
DA:140,0
DA:148,0
DA:149,0
DA:157,0
DA:158,0
DA:159,0
DA:160,0
DA:161,0
DA:164,0
DA:166,0
DA:169,0
DA:171,0
DA:172,0
DA:173,0
DA:179,0
DA:180,0
DA:181,0
DA:182,0
DA:184,0
DA:187,0
DA:188,0
DA:196,0
DA:197,0
DA:198,0
DA:199,0
DA:203,0
DA:205,0
DA:220,0
DA:221,0
DA:229,0
DA:230,0
DA:231,0
DA:232,0
DA:233,0
DA:236,0
DA:239,0
DA:240,0
DA:241,0
DA:242,0
DA:247,0
DA:248,0
DA:250,0
DA:254,0
DA:256,0
DA:258,0
DA:264,0
DA:265,0
DA:273,0
DA:274,0
DA:275,0
DA:276,0
DA:279,0
DA:280,0
DA:282,0
DA:284,0
DA:286,0
DA:291,0
DA:292,0
DA:294,0
DA:295,0
DA:298,0
DA:299,0
DA:300,0
DA:301,0
DA:306,0
DA:308,0
DA:309,0
DA:320,0
DA:323,0
DA:325,0
DA:327,0
DA:335,0
DA:343,0
DA:344,0
DA:353,0
DA:360,0
DA:363,0
DA:371,0
DA:380,0
DA:387,0
DA:388,0
DA:390,0
DA:391,0
DA:398,0
DA:399,0
DA:401,0
DA:402,0
DA:405,0
DA:412,0
DA:414,0
DA:418,0
DA:419,0
DA:420,0
DA:432,0
DA:439,0
DA:446,0
DA:449,0
DA:450,0
DA:454,0
DA:463,0
DA:470,0
DA:472,0
DA:473,0
DA:476,0
DA:477,0
DA:480,0
DA:487,0
DA:494,0
DA:505,1
LF:151
LH:1
BRDA:5,0,0,0
BRDA:5,1,0,0
BRDA:5,2,0,0
BRDA:16,3,0,0
BRDA:17,4,0,0
BRDA:18,5,0,0
BRDA:19,6,0,0
BRDA:34,7,0,0
BRDA:34,7,1,0
BRDA:34,7,2,0
BRDA:63,8,0,0
BRDA:63,8,1,0
BRDA:75,9,0,0
BRDA:75,9,1,0
BRDA:76,10,0,0
BRDA:76,10,1,0
BRDA:79,11,0,0
BRDA:79,11,1,0
BRDA:81,12,0,0
BRDA:81,12,1,0
BRDA:104,13,0,0
BRDA:104,13,1,0
BRDA:114,14,0,0
BRDA:114,14,1,0
BRDA:115,15,0,0
BRDA:115,15,1,0
BRDA:116,16,0,0
BRDA:116,16,1,0
BRDA:117,17,0,0
BRDA:117,17,1,0
BRDA:134,18,0,0
BRDA:134,18,1,0
BRDA:138,19,0,0
BRDA:138,19,1,0
BRDA:142,20,0,0
BRDA:142,20,1,0
BRDA:143,21,0,0
BRDA:143,21,1,0
BRDA:145,22,0,0
BRDA:145,22,1,0
BRDA:156,23,0,0
BRDA:158,24,0,0
BRDA:158,24,1,0
BRDA:160,25,0,0
BRDA:160,25,1,0
BRDA:198,26,0,0
BRDA:198,26,1,0
BRDA:231,27,0,0
BRDA:231,27,1,0
BRDA:240,28,0,0
BRDA:240,28,1,0
BRDA:275,29,0,0
BRDA:275,29,1,0
BRDA:284,30,0,0
BRDA:284,30,1,0
BRDA:292,31,0,0
BRDA:292,31,1,0
BRDA:295,32,0,0
BRDA:295,32,1,0
BRDA:295,33,0,0
BRDA:295,33,1,0
BRDA:300,34,0,0
BRDA:300,34,1,0
BRDA:316,35,0,0
BRDA:325,36,0,0
BRDA:325,36,1,0
BRDA:325,36,2,0
BRDA:325,36,3,0
BRDA:325,36,4,0
BRDA:325,36,5,0
BRDA:380,37,0,0
BRDA:380,37,1,0
BRDA:388,38,0,0
BRDA:388,38,1,0
BRDA:398,39,0,0
BRDA:398,39,1,0
BRDA:399,40,0,0
BRDA:399,40,1,0
BRDA:438,41,0,0
BRDA:449,42,0,0
BRDA:449,42,1,0
BRDA:463,43,0,0
BRDA:463,43,1,0
BRDA:469,44,0,0
BRDA:469,45,0,0
BRDA:472,46,0,0
BRDA:472,46,1,0
BRDA:476,47,0,0
BRDA:476,47,1,0
BRF:89
BRH:0
end_of_record
TN:
SF:yolo-pro/src/cli/yolo-warp.js
FN:12,(anonymous_0)
FN:55,(anonymous_1)
FN:168,(anonymous_2)
FN:183,(anonymous_3)
FN:209,(anonymous_4)
FN:216,(anonymous_5)
FN:217,(anonymous_6)
FN:218,(anonymous_7)
FN:242,(anonymous_8)
FN:249,(anonymous_9)
FN:268,(anonymous_10)
FN:308,(anonymous_11)
FN:355,(anonymous_12)
FN:420,(anonymous_13)
FN:421,(anonymous_14)
FN:423,(anonymous_15)
FN:432,(anonymous_16)
FN:450,(anonymous_17)
FN:451,(anonymous_18)
FN:467,(anonymous_19)
FN:504,(anonymous_20)
FN:507,(anonymous_21)
FN:528,(anonymous_22)
FN:549,(anonymous_23)
FN:579,(anonymous_24)
FN:609,(anonymous_25)
FN:635,(anonymous_26)
FN:682,(anonymous_27)
FN:726,(anonymous_28)
FN:761,(anonymous_29)
FN:774,(anonymous_30)
FN:778,(anonymous_31)
FN:780,(anonymous_32)
FN:784,(anonymous_33)
FN:801,(anonymous_34)
FN:839,(anonymous_35)
FN:844,(anonymous_36)
FN:859,(anonymous_37)
FN:891,(anonymous_38)
FN:914,(anonymous_39)
FN:923,(anonymous_40)
FN:928,(anonymous_41)
FN:954,(anonymous_42)
FN:976,(anonymous_43)
FN:993,(anonymous_44)
FN:1001,(anonymous_45)
FN:1015,(anonymous_46)
FN:1030,(anonymous_47)
FN:1042,(anonymous_48)
FN:1056,(anonymous_49)
FN:1071,(anonymous_50)
FN:1077,(anonymous_51)
FN:1105,(anonymous_52)
FN:1109,(anonymous_53)
FNF:54
FNH:36
FNDA:47,(anonymous_0)
FNDA:11,(anonymous_1)
FNDA:10,(anonymous_2)
FNDA:2,(anonymous_3)
FNDA:0,(anonymous_4)
FNDA:0,(anonymous_5)
FNDA:0,(anonymous_6)
FNDA:0,(anonymous_7)
FNDA:0,(anonymous_8)
FNDA:3,(anonymous_9)
FNDA:0,(anonymous_10)
FNDA:5,(anonymous_11)
FNDA:4,(anonymous_12)
FNDA:0,(anonymous_13)
FNDA:0,(anonymous_14)
FNDA:0,(anonymous_15)
FNDA:5,(anonymous_16)
FNDA:6,(anonymous_17)
FNDA:5,(anonymous_18)
FNDA:0,(anonymous_19)
FNDA:6,(anonymous_20)
FNDA:5,(anonymous_21)
FNDA:0,(anonymous_22)
FNDA:4,(anonymous_23)
FNDA:1,(anonymous_24)
FNDA:0,(anonymous_25)
FNDA:1,(anonymous_26)
FNDA:1,(anonymous_27)
FNDA:10,(anonymous_28)
FNDA:1,(anonymous_29)
FNDA:1,(anonymous_30)
FNDA:1,(anonymous_31)
FNDA:6,(anonymous_32)
FNDA:0,(anonymous_33)
FNDA:1,(anonymous_34)
FNDA:0,(anonymous_35)
FNDA:0,(anonymous_36)
FNDA:10,(anonymous_37)
FNDA:0,(anonymous_38)
FNDA:4,(anonymous_39)
FNDA:4,(anonymous_40)
FNDA:0,(anonymous_41)
FNDA:6,(anonymous_42)
FNDA:1,(anonymous_43)
FNDA:2,(anonymous_44)
FNDA:1,(anonymous_45)
FNDA:2,(anonymous_46)
FNDA:2,(anonymous_47)
FNDA:1,(anonymous_48)
FNDA:1,(anonymous_49)
FNDA:1,(anonymous_50)
FNDA:137,(anonymous_51)
FNDA:1,(anonymous_52)
FNDA:0,(anonymous_53)
DA:1,1
DA:2,1
DA:3,1
DA:14,47
DA:15,1
DA:18,46
DA:19,46
DA:20,46
DA:21,46
DA:22,46
DA:32,46
DA:33,46
DA:34,46
DA:40,46
DA:41,46
DA:42,46
DA:49,46
DA:56,11
DA:57,11
DA:58,11
DA:59,11
DA:61,11
DA:62,11
DA:64,11
DA:65,1
DA:69,11
DA:71,11
DA:72,10
DA:74,3
DA:75,1
DA:82,2
DA:83,2
DA:86,2
DA:88,2
DA:89,0
DA:92,0
DA:94,0
DA:95,0
DA:98,0
DA:100,0
DA:101,0
DA:108,0
DA:110,0
DA:113,0
DA:115,0
DA:117,0
DA:118,0
DA:127,0
DA:129,0
DA:141,10
DA:144,10
DA:146,10
DA:154,11
DA:155,0
DA:156,0
DA:157,0
DA:159,0
DA:169,10
DA:170,1
DA:173,3
DA:174,0
DA:177,3
DA:184,2
DA:185,2
DA:188,1
DA:193,1
DA:194,1
DA:196,1
DA:198,0
DA:199,0
DA:200,0
DA:202,1
DA:210,0
DA:211,0
DA:212,0
DA:213,0
DA:216,0
DA:217,0
DA:218,0
DA:221,0
DA:222,0
DA:223,0
DA:224,0
DA:225,0
DA:226,0
DA:227,0
DA:228,0
DA:230,0
DA:231,0
DA:232,0
DA:235,0
DA:237,0
DA:242,0
DA:250,3
DA:251,3
DA:252,2
DA:255,0
DA:256,0
DA:258,0
DA:259,0
DA:261,3
DA:269,0
DA:270,0
DA:272,0
DA:274,0
DA:282,0
DA:285,0
DA:291,0
DA:294,0
DA:298,0
DA:302,0
DA:309,5
DA:310,5
DA:318,5
DA:320,3
DA:323,3
DA:324,1
DA:325,1
DA:326,1
DA:330,3
DA:332,3
DA:334,0
DA:336,0
DA:337,0
DA:341,3
DA:342,3
DA:343,3
DA:344,3
DA:348,3
DA:349,3
DA:356,4
DA:358,4
DA:359,4
DA:362,4
DA:365,4
DA:366,0
DA:369,0
DA:380,0
DA:382,0
DA:384,0
DA:387,0
DA:389,0
DA:390,0
DA:392,0
DA:399,0
DA:402,4
DA:403,4
DA:406,4
DA:408,4
DA:421,0
DA:422,0
DA:423,0
DA:426,0
DA:433,5
DA:439,5
DA:440,6
DA:441,4
DA:444,3
DA:451,6
DA:453,4
DA:454,1
DA:457,3
DA:458,0
DA:461,3
DA:468,0
DA:505,6
DA:506,6
DA:507,5
DA:511,4
DA:513,4
DA:514,0
DA:515,0
DA:518,0
DA:520,6
DA:521,6
DA:529,0
DA:530,0
DA:533,0
DA:536,0
DA:538,0
DA:539,0
DA:541,0
DA:542,0
DA:550,4
DA:551,4
DA:564,4
DA:567,0
DA:569,0
DA:571,4
DA:572,4
DA:580,1
DA:581,1
DA:591,0
DA:593,0
DA:594,0
DA:595,0
DA:598,0
DA:599,0
DA:601,1
DA:602,1
DA:610,0
DA:611,0
DA:614,0
DA:617,0
DA:618,0
DA:619,0
DA:621,0
DA:623,0
DA:624,0
DA:627,0
DA:628,0
DA:636,1
DA:638,1
DA:670,1
DA:683,1
DA:684,1
DA:686,1
DA:694,1
DA:695,0
DA:696,0
DA:697,0
DA:698,0
DA:700,0
DA:702,0
DA:703,0
DA:706,0
DA:707,0
DA:708,0
DA:711,0
DA:713,1
DA:714,1
DA:727,10
DA:729,10
DA:731,10
DA:732,10
DA:735,10
DA:736,0
DA:737,0
DA:738,0
DA:739,0
DA:741,0
DA:746,10
DA:747,10
DA:748,10
DA:749,10
DA:752,0
DA:755,0
DA:762,1
DA:775,1
DA:779,1
DA:780,6
DA:781,1
DA:785,0
DA:786,0
DA:787,0
DA:790,0
DA:794,1
DA:795,1
DA:809,1
DA:811,1
DA:814,0
DA:840,0
DA:845,0
DA:860,10
DA:892,0
DA:894,0
DA:895,0
DA:896,0
DA:899,0
DA:900,0
DA:901,0
DA:904,0
DA:905,0
DA:907,0
DA:915,4
DA:916,0
DA:918,4
DA:920,4
DA:924,4
DA:925,4
DA:929,0
DA:955,6
DA:956,1
DA:957,1
DA:958,1
DA:962,5
DA:963,5
DA:965,0
DA:966,0
DA:967,0
DA:969,5
DA:970,5
DA:971,5
DA:977,1
DA:980,1
DA:981,3
DA:982,3
DA:984,2
DA:986,2
DA:987,0
DA:990,2
DA:991,2
DA:993,2
DA:997,0
DA:1002,1
DA:1003,1
DA:1005,1
DA:1006,1
DA:1007,1
DA:1008,1
DA:1009,1
DA:1010,1
DA:1017,2
DA:1018,1
DA:1021,1
DA:1022,0
DA:1025,1
DA:1026,1
DA:1031,2
DA:1032,2
DA:1033,4
DA:1034,4
DA:1035,4
DA:1036,4
DA:1039,2
DA:1043,1
DA:1044,1
DA:1046,1
DA:1047,1
DA:1048,1
DA:1052,0
DA:1057,1
DA:1059,1
DA:1060,1
DA:1061,0
DA:1062,0
DA:1064,0
DA:1068,0
DA:1072,1
DA:1073,0
DA:1078,137
DA:1085,137
DA:1087,137
DA:1088,0
DA:1091,137
DA:1092,25
DA:1101,25
DA:1106,1
DA:1108,1
DA:1109,0
DA:1112,1
DA:1113,0
DA:1116,1
DA:1120,1
LF:354
LH:195
BRDA:12,0,0,47
BRDA:12,1,0,47
BRDA:14,2,0,1
BRDA:14,2,1,46
BRDA:14,3,0,47
BRDA:14,3,1,46
BRDA:14,3,2,46
BRDA:55,4,0,9
BRDA:64,5,0,1
BRDA:64,5,1,10
BRDA:74,6,0,1
BRDA:74,6,1,2
BRDA:154,7,0,0
BRDA:154,7,1,11
BRDA:169,8,0,1
BRDA:169,8,1,3
BRDA:173,9,0,0
BRDA:173,9,1,3
BRDA:196,10,0,0
BRDA:196,10,1,1
BRDA:221,11,0,0
BRDA:221,11,1,0
BRDA:221,12,0,0
BRDA:221,12,1,0
BRDA:225,13,0,0
BRDA:225,13,1,0
BRDA:225,14,0,0
BRDA:225,14,1,0
BRDA:225,14,2,0
BRDA:272,15,0,0
BRDA:272,15,1,0
BRDA:272,15,2,0
BRDA:308,16,0,4
BRDA:332,17,0,0
BRDA:332,17,1,3
BRDA:332,18,0,3
BRDA:332,18,1,0
BRDA:355,19,0,0
BRDA:373,20,0,0
BRDA:373,20,1,0
BRDA:382,21,0,0
BRDA:382,21,1,0
BRDA:399,22,0,0
BRDA:399,22,1,0
BRDA:420,23,0,0
BRDA:453,24,0,1
BRDA:453,24,1,3
BRDA:453,25,0,4
BRDA:453,25,1,4
BRDA:453,25,2,3
BRDA:457,26,0,0
BRDA:457,26,1,3
BRDA:457,27,0,3
BRDA:457,27,1,3
BRDA:457,27,2,3
BRDA:472,28,0,0
BRDA:472,28,1,0
BRDA:508,29,0,4
BRDA:508,29,1,0
BRDA:513,30,0,0
BRDA:513,30,1,0
BRDA:583,31,0,1
BRDA:583,31,1,1
BRDA:583,32,0,0
BRDA:583,32,1,1
BRDA:587,33,0,0
BRDA:587,33,1,0
BRDA:593,34,0,0
BRDA:593,34,1,0
BRDA:617,35,0,0
BRDA:617,35,1,0
BRDA:694,36,0,0
BRDA:694,36,1,0
BRDA:694,37,0,1
BRDA:694,37,1,0
BRDA:735,38,0,0
BRDA:735,38,1,10
BRDA:746,39,0,10
BRDA:746,39,1,0
BRDA:786,40,0,0
BRDA:786,40,1,0
BRDA:820,41,0,0
BRDA:820,41,1,0
BRDA:839,42,0,0
BRDA:839,42,1,0
BRDA:844,43,0,0
BRDA:844,43,1,0
BRDA:869,44,0,10
BRDA:869,44,1,10
BRDA:870,45,0,10
BRDA:870,45,1,10
BRDA:880,46,0,10
BRDA:880,46,1,0
BRDA:894,47,0,0
BRDA:894,47,1,0
BRDA:899,48,0,0
BRDA:899,48,1,0
BRDA:915,49,0,0
BRDA:915,49,1,4
BRDA:920,50,0,4
BRDA:920,50,1,3
BRDA:934,51,0,0
BRDA:934,51,1,0
BRDA:955,52,0,1
BRDA:955,52,1,5
BRDA:956,53,0,1
BRDA:956,53,1,0
BRDA:957,54,0,1
BRDA:957,54,1,0
BRDA:976,55,0,0
BRDA:977,56,0,0
BRDA:977,57,0,1
BRDA:977,58,0,1
BRDA:986,59,0,0
BRDA:986,59,1,2
BRDA:1001,60,0,0
BRDA:1017,61,0,1
BRDA:1017,61,1,1
BRDA:1017,62,0,2
BRDA:1017,62,1,2
BRDA:1021,63,0,0
BRDA:1021,63,1,1
BRDA:1021,64,0,1
BRDA:1021,64,1,1
BRDA:1033,65,0,4
BRDA:1033,65,1,0
BRDA:1047,66,0,1
BRDA:1047,66,1,0
BRDA:1061,67,0,0
BRDA:1061,67,1,0
BRDA:1077,68,0,0
BRDA:1087,69,0,0
BRDA:1087,69,1,137
BRDA:1091,70,0,25
BRDA:1091,70,1,112
BRDA:1091,71,0,137
BRDA:1091,71,1,137
BRDA:1101,72,0,25
BRDA:1101,72,1,0
BRDA:1105,73,0,1
BRDA:1105,74,0,1
BRDA:1108,75,0,0
BRDA:1108,75,1,1
BRDA:1112,76,0,0
BRDA:1112,76,1,1
BRF:145
BRH:70
end_of_record
TN:
SF:yolo-pro/src/cli/commands/issue-commands.js
FN:7,(anonymous_0)
FN:85,(anonymous_1)
FN:104,(anonymous_2)
FN:116,(anonymous_3)
FN:144,(anonymous_4)
FN:149,(anonymous_5)
FN:150,(anonymous_6)
FN:178,(anonymous_7)
FN:215,(anonymous_8)
FN:246,(anonymous_9)
FN:278,(anonymous_10)
FN:285,(anonymous_11)
FN:318,(anonymous_12)
FN:340,(anonymous_13)
FN:341,(anonymous_14)
FN:360,(anonymous_15)
FN:361,(anonymous_16)
FN:366,(anonymous_17)
FN:389,(anonymous_18)
FN:471,(anonymous_19)
FN:482,(anonymous_20)
FNF:21
FNH:6
FNDA:38,(anonymous_0)
FNDA:0,(anonymous_1)
FNDA:0,(anonymous_2)
FNDA:1,(anonymous_3)
FNDA:0,(anonymous_4)
FNDA:0,(anonymous_5)
FNDA:0,(anonymous_6)
FNDA:1,(anonymous_7)
FNDA:0,(anonymous_8)
FNDA:1,(anonymous_9)
FNDA:0,(anonymous_10)
FNDA:0,(anonymous_11)
FNDA:1,(anonymous_12)
FNDA:0,(anonymous_13)
FNDA:0,(anonymous_14)
FNDA:0,(anonymous_15)
FNDA:0,(anonymous_16)
FNDA:0,(anonymous_17)
FNDA:1,(anonymous_18)
FNDA:0,(anonymous_19)
FNDA:0,(anonymous_20)
DA:8,38
DA:9,38
DA:11,38
DA:12,38
DA:13,38
DA:75,38
DA:86,0
DA:88,0
DA:89,0
DA:91,0
DA:93,0
DA:95,0
DA:97,0
DA:99,0
DA:101,0
DA:104,0
DA:108,0
DA:117,1
DA:118,1
DA:119,0
DA:122,1
DA:130,0
DA:131,0
DA:134,0
DA:135,0
DA:138,0
DA:139,0
DA:142,0
DA:144,0
DA:149,0
DA:150,0
DA:157,0
DA:170,1
DA:179,1
DA:180,1
DA:181,0
DA:188,1
DA:189,0
DA:192,1
DA:200,0
DA:201,0
DA:204,0
DA:205,0
DA:209,0
DA:210,0
DA:213,0
DA:214,0
DA:215,0
DA:216,0
DA:221,0
DA:238,1
DA:247,1
DA:248,1
DA:249,0
DA:256,1
DA:257,0
DA:260,1
DA:267,0
DA:268,0
DA:269,0
DA:272,0
DA:275,0
DA:277,0
DA:278,0
DA:279,0
DA:284,0
DA:285,0
DA:286,0
DA:289,0
DA:302,1
DA:303,0
DA:310,1
DA:319,1
DA:320,1
DA:321,0
DA:328,1
DA:329,0
DA:333,1
DA:335,0
DA:336,0
DA:339,0
DA:340,0
DA:341,0
DA:342,0
DA:346,0
DA:347,0
DA:350,0
DA:351,0
DA:354,0
DA:359,0
DA:360,0
DA:361,0
DA:366,0
DA:372,0
DA:381,1
DA:390,1
DA:391,1
DA:392,0
DA:399,1
DA:400,0
DA:407,1
DA:408,0
DA:411,1
DA:419,1
DA:420,3
DA:421,3
DA:425,3
DA:426,3
DA:432,0
DA:436,0
DA:439,3
DA:441,0
DA:445,0
DA:449,1
DA:461,0
DA:472,0
DA:473,0
DA:474,0
DA:475,0
DA:476,0
DA:479,0
DA:483,0
DA:484,0
DA:485,0
DA:486,0
DA:489,0
DA:493,1
LF:127
LH:39
BRDA:7,0,0,0
BRDA:89,1,0,0
BRDA:89,1,1,0
BRDA:89,1,2,0
BRDA:89,1,3,0
BRDA:89,1,4,0
BRDA:89,1,5,0
BRDA:116,2,0,0
BRDA:118,3,0,0
BRDA:118,3,1,1
BRDA:118,4,0,1
BRDA:118,4,1,1
BRDA:125,5,0,0
BRDA:125,5,1,0
BRDA:126,6,0,0
BRDA:126,6,1,0
BRDA:130,7,0,0
BRDA:130,7,1,0
BRDA:134,8,0,0
BRDA:134,8,1,0
BRDA:138,9,0,0
BRDA:138,9,1,0
BRDA:151,10,0,0
BRDA:151,10,1,0
BRDA:178,11,0,0
BRDA:180,12,0,0
BRDA:180,12,1,1
BRDA:188,13,0,0
BRDA:188,13,1,1
BRDA:188,14,0,1
BRDA:188,14,1,1
BRDA:196,15,0,0
BRDA:196,15,1,0
BRDA:200,16,0,0
BRDA:200,16,1,0
BRDA:204,17,0,0
BRDA:204,17,1,0
BRDA:214,18,0,0
BRDA:214,18,1,0
BRDA:214,19,0,0
BRDA:214,19,1,0
BRDA:229,20,0,0
BRDA:229,20,1,0
BRDA:246,21,0,0
BRDA:248,22,0,0
BRDA:248,22,1,1
BRDA:248,23,0,1
BRDA:248,23,1,1
BRDA:256,24,0,0
BRDA:256,24,1,1
BRDA:256,25,0,1
BRDA:256,25,1,1
BRDA:267,26,0,0
BRDA:267,26,1,0
BRDA:268,27,0,0
BRDA:268,27,1,0
BRDA:269,28,0,0
BRDA:269,28,1,0
BRDA:277,29,0,0
BRDA:277,29,1,0
BRDA:277,30,0,0
BRDA:277,30,1,0
BRDA:284,31,0,0
BRDA:284,31,1,0
BRDA:284,32,0,0
BRDA:284,32,1,0
BRDA:302,33,0,0
BRDA:302,33,1,1
BRDA:318,34,0,1
BRDA:320,35,0,0
BRDA:320,35,1,1
BRDA:328,36,0,0
BRDA:328,36,1,1
BRDA:328,37,0,1
BRDA:328,37,1,1
BRDA:335,38,0,0
BRDA:335,38,1,0
BRDA:339,39,0,0
BRDA:339,39,1,0
BRDA:346,40,0,0
BRDA:346,40,1,0
BRDA:350,41,0,0
BRDA:350,41,1,0
BRDA:391,42,0,0
BRDA:391,42,1,1
BRDA:391,43,0,1
BRDA:391,43,1,1
BRDA:399,44,0,0
BRDA:399,44,1,1
BRDA:399,45,0,1
BRDA:399,45,1,1
BRDA:407,46,0,0
BRDA:407,46,1,1
BRDA:425,47,0,3
BRDA:425,47,1,0
BRDA:475,48,0,0
BRDA:475,48,1,0
BRDA:485,49,0,0
BRDA:485,49,1,0
BRF:99
BRH:27
end_of_record
TN:
SF:yolo-pro/src/cli/commands/label-commands.js
FN:7,(anonymous_0)
FN:70,(anonymous_1)
FN:89,(anonymous_2)
FN:101,(anonymous_3)
FN:116,(anonymous_4)
FN:120,(anonymous_5)
FN:127,(anonymous_6)
FN:150,(anonymous_7)
FN:209,(anonymous_8)
FN:246,(anonymous_9)
FN:264,(anonymous_10)
FN:310,(anonymous_11)
FN:319,(anonymous_12)
FN:320,(anonymous_13)
FN:362,(anonymous_14)
FN:364,(anonymous_15)
FNF:16
FNH:9
FNDA:38,(anonymous_0)
FNDA:0,(anonymous_1)
FNDA:0,(anonymous_2)
FNDA:1,(anonymous_3)
FNDA:0,(anonymous_4)
FNDA:0,(anonymous_5)
FNDA:2,(anonymous_6)
FNDA:1,(anonymous_7)
FNDA:1,(anonymous_8)
FNDA:1,(anonymous_9)
FNDA:3,(anonymous_10)
FNDA:1,(anonymous_11)
FNDA:0,(anonymous_12)
FNDA:0,(anonymous_13)
FNDA:2,(anonymous_14)
FNDA:0,(anonymous_15)
DA:8,38
DA:9,38
DA:11,38
DA:12,38
DA:13,38
DA:60,38
DA:71,0
DA:73,0
DA:74,0
DA:76,0
DA:78,0
DA:80,0
DA:82,0
DA:84,0
DA:86,0
DA:89,0
DA:93,0
DA:102,1
DA:103,1
DA:104,0
DA:108,1
DA:109,1
DA:112,1
DA:113,0
DA:114,0
DA:116,0
DA:117,0
DA:120,0
DA:121,0
DA:122,0
DA:127,2
DA:134,1
DA:142,0
DA:151,1
DA:152,1
DA:153,0
DA:160,1
DA:161,0
DA:165,1
DA:166,0
DA:174,1
DA:175,1
DA:176,1
DA:183,1
DA:185,1
DA:186,0
DA:194,1
DA:201,0
DA:210,1
DA:211,1
DA:212,0
DA:215,1
DA:217,1
DA:218,0
DA:225,1
DA:238,0
DA:247,1
DA:248,1
DA:249,0
DA:256,1
DA:257,0
DA:260,1
DA:261,1
DA:264,1
DA:265,3
DA:266,0
DA:268,3
DA:276,1
DA:277,1
DA:285,0
DA:287,0
DA:302,0
DA:311,1
DA:312,1
DA:315,1
DA:316,0
DA:317,0
DA:318,0
DA:319,0
DA:320,0
DA:323,1
DA:324,0
DA:331,1
DA:332,0
DA:335,1
DA:337,1
DA:353,1
DA:363,2
DA:364,2
DA:365,2
DA:369,1
LF:91
LH:50
BRDA:7,0,0,0
BRDA:74,1,0,0
BRDA:74,1,1,0
BRDA:74,1,2,0
BRDA:74,1,3,0
BRDA:74,1,4,0
BRDA:74,1,5,0
BRDA:101,2,0,1
BRDA:103,3,0,0
BRDA:103,3,1,1
BRDA:112,4,0,0
BRDA:112,4,1,1
BRDA:130,5,0,2
BRDA:130,5,1,2
BRDA:138,6,0,1
BRDA:138,6,1,1
BRDA:150,7,0,0
BRDA:152,8,0,0
BRDA:152,8,1,1
BRDA:160,9,0,0
BRDA:160,9,1,1
BRDA:165,10,0,0
BRDA:165,10,1,1
BRDA:165,11,0,1
BRDA:165,11,1,1
BRDA:169,12,0,0
BRDA:169,12,1,0
BRDA:175,13,0,1
BRDA:175,13,1,0
BRDA:175,14,0,1
BRDA:175,14,1,0
BRDA:178,15,0,1
BRDA:178,15,1,0
BRDA:179,16,0,1
BRDA:179,16,1,0
BRDA:185,17,0,0
BRDA:185,17,1,1
BRDA:209,18,0,1
BRDA:211,19,0,0
BRDA:211,19,1,1
BRDA:217,20,0,0
BRDA:217,20,1,1
BRDA:248,21,0,0
BRDA:248,21,1,1
BRDA:248,22,0,1
BRDA:248,22,1,1
BRDA:256,23,0,0
BRDA:256,23,1,1
BRDA:265,24,0,0
BRDA:265,24,1,3
BRDA:276,25,0,1
BRDA:276,25,1,0
BRDA:310,26,0,1
BRDA:315,27,0,0
BRDA:315,27,1,1
BRDA:323,28,0,0
BRDA:323,28,1,1
BRDA:323,29,0,1
BRDA:323,29,1,1
BRDA:331,30,0,0
BRDA:331,30,1,1
BRDA:363,31,0,2
BRDA:363,31,1,0
BRDA:365,32,0,0
BRDA:365,32,1,2
BRF:65
BRH:34
end_of_record
TN:
SF:yolo-pro/src/cli/commands/workflow-commands.js
FN:7,(anonymous_0)
FN:63,(anonymous_1)
FN:80,(anonymous_2)
FN:92,(anonymous_3)
FN:147,(anonymous_4)
FN:182,(anonymous_5)
FN:251,(anonymous_6)
FN:274,(anonymous_7)
FN:280,(anonymous_8)
FN:281,(anonymous_9)
FN:282,(anonymous_10)
FN:283,(anonymous_11)
FN:290,(anonymous_12)
FN:323,(anonymous_13)
FN:405,(anonymous_14)
FN:432,(anonymous_15)
FN:461,(anonymous_16)
FN:490,(anonymous_17)
FN:540,(anonymous_18)
FN:551,(anonymous_19)
FN:552,(anonymous_20)
FN:560,(anonymous_21)
FN:575,(anonymous_22)
FNF:23
FNH:4
FNDA:36,(anonymous_0)
FNDA:0,(anonymous_1)
FNDA:0,(anonymous_2)
FNDA:1,(anonymous_3)
FNDA:0,(anonymous_4)
FNDA:1,(anonymous_5)
FNDA:1,(anonymous_6)
FNDA:0,(anonymous_7)
FNDA:0,(anonymous_8)
FNDA:0,(anonymous_9)
FNDA:0,(anonymous_10)
FNDA:0,(anonymous_11)
FNDA:0,(anonymous_12)
FNDA:0,(anonymous_13)
FNDA:0,(anonymous_14)
FNDA:0,(anonymous_15)
FNDA:0,(anonymous_16)
FNDA:0,(anonymous_17)
FNDA:0,(anonymous_18)
FNDA:0,(anonymous_19)
FNDA:0,(anonymous_20)
FNDA:0,(anonymous_21)
FNDA:0,(anonymous_22)
DA:8,36
DA:9,36
DA:11,36
DA:12,36
DA:13,36
DA:55,36
DA:64,0
DA:66,0
DA:67,0
DA:69,0
DA:71,0
DA:73,0
DA:75,0
DA:77,0
DA:80,0
DA:84,0
DA:93,1
DA:94,1
DA:95,0
DA:102,1
DA:103,1
DA:106,0
DA:115,0
DA:116,0
DA:120,0
DA:121,0
DA:123,0
DA:131,0
DA:136,0
DA:137,0
DA:143,0
DA:146,0
DA:147,0
DA:149,0
DA:150,0
DA:155,0
DA:156,0
DA:157,0
DA:162,0
DA:174,1
DA:183,1
DA:184,1
DA:186,1
DA:187,1
DA:194,0
DA:195,0
DA:203,0
DA:204,0
DA:205,0
DA:206,0
DA:207,0
DA:219,0
DA:226,0
DA:227,0
DA:233,0
DA:243,0
DA:252,1
DA:253,1
DA:254,0
DA:258,1
DA:264,0
DA:265,0
DA:268,0
DA:269,0
DA:272,0
DA:273,0
DA:274,0
DA:278,0
DA:280,0
DA:281,0
DA:282,0
DA:283,0
DA:287,0
DA:288,0
DA:290,0
DA:302,0
DA:315,1
DA:324,0
DA:325,0
DA:326,0
DA:333,0
DA:334,0
DA:335,0
DA:341,0
DA:342,0
DA:345,0
DA:346,0
DA:349,0
DA:361,0
DA:368,0
DA:370,0
DA:387,0
DA:388,0
DA:395,0
DA:406,0
DA:407,0
DA:415,0
DA:425,0
DA:433,0
DA:434,0
DA:436,0
DA:445,0
DA:454,0
DA:462,0
DA:463,0
DA:465,0
DA:474,0
DA:483,0
DA:491,0
DA:493,0
DA:496,0
DA:502,0
DA:504,0
DA:510,0
DA:514,0
DA:517,0
DA:524,0
DA:533,0
DA:541,0
DA:542,0
DA:544,0
DA:545,0
DA:548,0
DA:552,0
DA:554,0
DA:560,0
DA:576,0
DA:599,1
LF:128
LH:20
BRDA:7,0,0,0
BRDA:67,1,0,0
BRDA:67,1,1,0
BRDA:67,1,2,0
BRDA:67,1,3,0
BRDA:67,1,4,0
BRDA:92,2,0,0
BRDA:94,3,0,0
BRDA:94,3,1,1
BRDA:102,4,0,1
BRDA:102,4,1,0
BRDA:102,5,0,1
BRDA:102,5,1,1
BRDA:115,6,0,0
BRDA:115,6,1,0
BRDA:120,7,0,0
BRDA:120,7,1,0
BRDA:136,8,0,0
BRDA:136,8,1,0
BRDA:146,9,0,0
BRDA:146,9,1,0
BRDA:155,10,0,0
BRDA:155,10,1,0
BRDA:182,11,0,1
BRDA:186,12,0,1
BRDA:186,12,1,0
BRDA:186,13,0,1
BRDA:186,13,1,1
BRDA:194,14,0,0
BRDA:194,14,1,0
BRDA:204,15,0,0
BRDA:204,15,1,0
BRDA:208,16,0,0
BRDA:208,16,1,0
BRDA:209,17,0,0
BRDA:209,17,1,0
BRDA:226,18,0,0
BRDA:226,18,1,0
BRDA:237,19,0,0
BRDA:237,19,1,0
BRDA:251,20,0,1
BRDA:253,21,0,0
BRDA:253,21,1,1
BRDA:253,22,0,1
BRDA:253,22,1,1
BRDA:264,23,0,0
BRDA:264,23,1,0
BRDA:273,24,0,0
BRDA:273,24,1,0
BRDA:282,25,0,0
BRDA:282,25,1,0
BRDA:288,26,0,0
BRDA:288,26,1,0
BRDA:323,27,0,0
BRDA:325,28,0,0
BRDA:325,28,1,0
BRDA:334,29,0,0
BRDA:334,29,1,0
BRDA:341,30,0,0
BRDA:341,30,1,0
BRDA:341,31,0,0
BRDA:341,31,1,0
BRDA:345,32,0,0
BRDA:345,32,1,0
BRDA:346,33,0,0
BRDA:346,33,1,0
BRDA:376,34,0,0
BRDA:376,34,1,0
BRDA:387,35,0,0
BRDA:387,35,1,0
BRDA:390,36,0,0
BRDA:390,36,1,0
BRDA:405,37,0,0
BRDA:411,38,0,0
BRDA:411,38,1,0
BRDA:432,39,0,0
BRDA:461,40,0,0
BRDA:502,41,0,0
BRDA:502,41,1,0
BRDA:544,42,0,0
BRDA:544,42,1,0
BRDA:544,43,0,0
BRDA:544,43,1,0
BRDA:552,44,0,0
BRDA:552,44,1,0
BRDA:577,45,0,0
BRDA:577,45,1,0
BRF:87
BRH:12
end_of_record
